#
# A fatal error has been detected by the Java Runtime Environment:
#
#  EXCEPTION_ACCESS_VIOLATION (0xc0000005) at pc=0x0000000180004465, pid=2900, tid=11028
#
# JRE version: Java(TM) SE Runtime Environment (10.0.2+13) (build 10.0.2+13)
# Java VM: Java HotSpot(TM) 64-Bit Server VM (10.0.2+13, mixed mode, tiered, compressed oops, g1 gc, windows-amd64)
# Problematic frame:
# C  [rxtxSerial.dll+0x4465]
#
# No core dump will be written. Minidumps are not enabled by default on client versions of Windows
#
# If you would like to submit a bug report, please visit:
#   http://bugreport.java.com/bugreport/crash.jsp
# The crash happened outside the Java Virtual Machine in native code.
# See problematic frame for where to report the bug.
#

---------------  S U M M A R Y ------------

Command Line: -XX:TieredStopAtLevel=1 -Xverify:none -Dspring.output.ansi.enabled=always -Dcom.sun.management.jmxremote -Dcom.sun.management.jmxremote.port=63520 -Dcom.sun.management.jmxremote.authenticate=false -Dcom.sun.management.jmxremote.ssl=false -Djava.rmi.server.hostname=localhost -Dspring.liveBeansView.mbeanDomain -Dspring.application.admin.enabled=true -javaagent:C:\Program Files\JetBrains\IntelliJ IDEA 2018.2.3\lib\idea_rt.jar=63521:C:\Program Files\JetBrains\IntelliJ IDEA 2018.2.3\bin -Dfile.encoding=UTF-8 com.tsystems.mms.evaluate.srf02.Srf02Application

Host: Intel(R) Core(TM) i7-7500U CPU @ 2.70GHz, 4 cores, 15G,  Windows 10 , 64 bit Build 17134 (10.0.17134.1)
Time: Wed Sep 26 15:04:11 2018 Mitteleuropäische Sommerzeit elapsed time: 12 seconds (0d 0h 0m 12s)

---------------  T H R E A D  ---------------

Current thread (0x000002205e14c000):  JavaThread "http-nio-8081-exec-1" daemon [_thread_in_native, id=11028, stack(0x0000005530700000,0x0000005530800000)]

Stack: [0x0000005530700000,0x0000005530800000],  sp=0x00000055307fc990,  free space=1010k
Native frames: (J=compiled Java code, j=interpreted, Vv=VM code, C=native code)
C  [rxtxSerial.dll+0x4465]

Java frames: (J=compiled Java code, j=interpreted, Vv=VM code)
j  gnu.io.RXTXPort.nativeDrain(Z)Z+0
j  gnu.io.RXTXPort$SerialOutputStream.flush()V+92
j  com.tsystems.mms.evaluate.srf02.Srf02Connector.writeRegister(BBB)B+53
j  com.tsystems.mms.evaluate.srf02.Srf02Connector.getDistance()D+11
j  com.tsystems.mms.evaluate.srf02.DistanceService.measure()Lcom/tsystems/mms/evaluate/srf02/Distance;+8
j  com.tsystems.mms.evaluate.srf02.DistanceController.distance()Lcom/tsystems/mms/evaluate/srf02/Distance;+4
v  ~StubRoutines::call_stub
J 2385  jdk.internal.reflect.NativeMethodAccessorImpl.invoke0(Ljava/lang/reflect/Method;Ljava/lang/Object;[Ljava/lang/Object;)Ljava/lang/Object; java.base@10.0.2 (0 bytes) @ 0x0000022041153d3f [0x0000022041153cc0+0x000000000000007f]
J 2384 c1 jdk.internal.reflect.NativeMethodAccessorImpl.invoke(Ljava/lang/Object;[Ljava/lang/Object;)Ljava/lang/Object; java.base@10.0.2 (104 bytes) @ 0x0000022041154a1c [0x0000022041154640+0x00000000000003dc]
J 1726 c1 jdk.internal.reflect.DelegatingMethodAccessorImpl.invoke(Ljava/lang/Object;[Ljava/lang/Object;)Ljava/lang/Object; java.base@10.0.2 (10 bytes) @ 0x0000022041043c04 [0x0000022041043bc0+0x0000000000000044]
J 1725 c1 java.lang.reflect.Method.invoke(Ljava/lang/Object;[Ljava/lang/Object;)Ljava/lang/Object; java.base@10.0.2 (65 bytes) @ 0x0000022041042a64 [0x0000022041042960+0x0000000000000104]
j  org.springframework.web.method.support.InvocableHandlerMethod.doInvoke([Ljava/lang/Object;)Ljava/lang/Object;+16
j  org.springframework.web.method.support.InvocableHandlerMethod.invokeForRequest(Lorg/springframework/web/context/request/NativeWebRequest;Lorg/springframework/web/method/support/ModelAndViewContainer;[Ljava/lang/Object;)Ljava/lang/Object;+75
j  org.springframework.web.servlet.mvc.method.annotation.ServletInvocableHandlerMethod.invokeAndHandle(Lorg/springframework/web/context/request/ServletWebRequest;Lorg/springframework/web/method/support/ModelAndViewContainer;[Ljava/lang/Object;)V+4
j  org.springframework.web.servlet.mvc.method.annotation.RequestMappingHandlerAdapter.invokeHandlerMethod(Ljavax/servlet/http/HttpServletRequest;Ljavax/servlet/http/HttpServletResponse;Lorg/springframework/web/method/HandlerMethod;)Lorg/springframework/web/servlet/ModelAndView;+276
j  org.springframework.web.servlet.mvc.method.annotation.RequestMappingHandlerAdapter.handleInternal(Ljavax/servlet/http/HttpServletRequest;Ljavax/servlet/http/HttpServletResponse;Lorg/springframework/web/method/HandlerMethod;)Lorg/springframework/web/servlet/ModelAndView;+81
j  org.springframework.web.servlet.mvc.method.AbstractHandlerMethodAdapter.handle(Ljavax/servlet/http/HttpServletRequest;Ljavax/servlet/http/HttpServletResponse;Ljava/lang/Object;)Lorg/springframework/web/servlet/ModelAndView;+7
j  org.springframework.web.servlet.DispatcherServlet.doDispatch(Ljavax/servlet/http/HttpServletRequest;Ljavax/servlet/http/HttpServletResponse;)V+310
j  org.springframework.web.servlet.DispatcherServlet.doService(Ljavax/servlet/http/HttpServletRequest;Ljavax/servlet/http/HttpServletResponse;)V+308
j  org.springframework.web.servlet.FrameworkServlet.processRequest(Ljavax/servlet/http/HttpServletRequest;Ljavax/servlet/http/HttpServletResponse;)V+71
j  org.springframework.web.servlet.FrameworkServlet.doGet(Ljavax/servlet/http/HttpServletRequest;Ljavax/servlet/http/HttpServletResponse;)V+3
j  javax.servlet.http.HttpServlet.service(Ljavax/servlet/http/HttpServletRequest;Ljavax/servlet/http/HttpServletResponse;)V+35
j  org.springframework.web.servlet.FrameworkServlet.service(Ljavax/servlet/http/HttpServletRequest;Ljavax/servlet/http/HttpServletResponse;)V+33
j  javax.servlet.http.HttpServlet.service(Ljavax/servlet/ServletRequest;Ljavax/servlet/ServletResponse;)V+30
j  org.apache.catalina.core.ApplicationFilterChain.internalDoFilter(Ljavax/servlet/ServletRequest;Ljavax/servlet/ServletResponse;)V+304
j  org.apache.catalina.core.ApplicationFilterChain.doFilter(Ljavax/servlet/ServletRequest;Ljavax/servlet/ServletResponse;)V+101
j  org.apache.tomcat.websocket.server.WsFilter.doFilter(Ljavax/servlet/ServletRequest;Ljavax/servlet/ServletResponse;Ljavax/servlet/FilterChain;)V+21
j  org.apache.catalina.core.ApplicationFilterChain.internalDoFilter(Ljavax/servlet/ServletRequest;Ljavax/servlet/ServletResponse;)V+135
j  org.apache.catalina.core.ApplicationFilterChain.doFilter(Ljavax/servlet/ServletRequest;Ljavax/servlet/ServletResponse;)V+101
j  org.springframework.web.filter.CharacterEncodingFilter.doFilterInternal(Ljavax/servlet/http/HttpServletRequest;Ljavax/servlet/http/HttpServletResponse;Ljavax/servlet/FilterChain;)V+53
j  org.springframework.web.filter.OncePerRequestFilter.doFilter(Ljavax/servlet/ServletRequest;Ljavax/servlet/ServletResponse;Ljavax/servlet/FilterChain;)V+111
j  org.apache.catalina.core.ApplicationFilterChain.internalDoFilter(Ljavax/servlet/ServletRequest;Ljavax/servlet/ServletResponse;)V+135
j  org.apache.catalina.core.ApplicationFilterChain.doFilter(Ljavax/servlet/ServletRequest;Ljavax/servlet/ServletResponse;)V+101
j  org.apache.catalina.core.StandardWrapperValve.invoke(Lorg/apache/catalina/connector/Request;Lorg/apache/catalina/connector/Response;)V+688
j  org.apache.catalina.core.StandardContextValve.invoke(Lorg/apache/catalina/connector/Request;Lorg/apache/catalina/connector/Response;)V+166
j  org.apache.catalina.authenticator.AuthenticatorBase.invoke(Lorg/apache/catalina/connector/Request;Lorg/apache/catalina/connector/Response;)V+254
j  org.apache.catalina.core.StandardHostValve.invoke(Lorg/apache/catalina/connector/Request;Lorg/apache/catalina/connector/Response;)V+138
j  org.apache.catalina.valves.ErrorReportValve.invoke(Lorg/apache/catalina/connector/Request;Lorg/apache/catalina/connector/Response;)V+6
j  org.apache.catalina.core.StandardEngineValve.invoke(Lorg/apache/catalina/connector/Request;Lorg/apache/catalina/connector/Response;)V+71
j  org.apache.catalina.connector.CoyoteAdapter.service(Lorg/apache/coyote/Request;Lorg/apache/coyote/Response;)V+199
j  org.apache.coyote.http11.Http11Processor.service(Lorg/apache/tomcat/util/net/SocketWrapperBase;)Lorg/apache/tomcat/util/net/AbstractEndpoint$Handler$SocketState;+806
j  org.apache.coyote.AbstractProcessorLight.process(Lorg/apache/tomcat/util/net/SocketWrapperBase;Lorg/apache/tomcat/util/net/SocketEvent;)Lorg/apache/tomcat/util/net/AbstractEndpoint$Handler$SocketState;+113
j  org.apache.coyote.AbstractProtocol$ConnectionHandler.process(Lorg/apache/tomcat/util/net/SocketWrapperBase;Lorg/apache/tomcat/util/net/SocketEvent;)Lorg/apache/tomcat/util/net/AbstractEndpoint$Handler$SocketState;+378
j  org.apache.tomcat.util.net.NioEndpoint$SocketProcessor.doRun()V+191
j  org.apache.tomcat.util.net.SocketProcessorBase.run()V+21
j  java.util.concurrent.ThreadPoolExecutor.runWorker(Ljava/util/concurrent/ThreadPoolExecutor$Worker;)V+92 java.base@10.0.2
j  java.util.concurrent.ThreadPoolExecutor$Worker.run()V+5 java.base@10.0.2
j  org.apache.tomcat.util.threads.TaskThread$WrappingRunnable.run()V+4
j  java.lang.Thread.run()V+11 java.base@10.0.2
v  ~StubRoutines::call_stub

siginfo: EXCEPTION_ACCESS_VIOLATION (0xc0000005), reading address 0x00000000305ff1fc


Register to memory mapping:

RIP=0x0000000180004465 rxtxSerial.dll
RAX=0x000000000000001c is an unknown value
RBX=0x000002205e14c270 is an unknown value
RCX=0x00000055307fd0ac is pointing into the stack for thread: 0x000002205e14c000
RDX=0x0000000000000000 is an unknown value
RSP=0x00000055307fc990 is pointing into the stack for thread: 0x000002205e14c000
RBP=0x0000000000000001 is an unknown value
RSI=0x0000000000000000 is an unknown value
RDI=0x0000000000000001 is an unknown value
R8 =0x00000055307fc650 is pointing into the stack for thread: 0x000002205e14c000
R9 =0x0000000180000000 rxtxSerial.dll
R10=0x0000000000000000 is an unknown value
R11=0x0000000000000200 is an unknown value
R12=0x00000000305ff1f0 is an unknown value
R13=0x0000000000000000 is an unknown value
R14=0x00000055307fd1c8 is pointing into the stack for thread: 0x000002205e14c000
R15=0x000002205e14c000 is a thread


Registers:
RAX=0x000000000000001c, RBX=0x000002205e14c270, RCX=0x00000055307fd0ac, RDX=0x0000000000000000
RSP=0x00000055307fc990, RBP=0x0000000000000001, RSI=0x0000000000000000, RDI=0x0000000000000001
R8 =0x00000055307fc650, R9 =0x0000000180000000, R10=0x0000000000000000, R11=0x0000000000000200
R12=0x00000000305ff1f0, R13=0x0000000000000000, R14=0x00000055307fd1c8, R15=0x000002205e14c000
RIP=0x0000000180004465, EFLAGS=0x0000000000010206

Top of Stack: (sp=0x00000055307fc990)
0x00000055307fc990:   000002205e14c270 000000018001c4c0
0x00000055307fc9a0:   0000000000000000 0000000000000001
0x00000055307fc9b0:   00000055307fcbd0 0000022040720d90
0x00000055307fc9c0:   00000055307fd1c8 0000000000000000
0x00000055307fc9d0:   00000006cdf7f5a8 00000006d26e4bc8
0x00000055307fc9e0:   00000006c1973098 00000006d26e4b80
0x00000055307fc9f0:   00000006c1a15400 0000022058fdcf87
0x00000055307fca00:   000002205e14c000 00000007c00022c0
0x00000055307fca10:   0000022000000b47 000002205e14c000
0x00000055307fca20:   000002205c698cd8 000002205c698cd8
0x00000055307fca30:   fffffffe00000b47 0000000000000000
0x00000055307fca40:   0000000000000000 0000000000000000
0x00000055307fca50:   0000000000000003 0000000060be948c
0x00000055307fca60:   0000022058fd7528 000002203539cc60
0x00000055307fca70:   000002205dd37e04 0000000060842d6e
0x00000055307fca80:   0000000000000001 00000000608e59ff 

Instructions: (pc=0x0000000180004465)
0x0000000180004445:   1b 48 8b d7 48 8b cb 41 ff 93 b8 00 00 00 45 84
0x0000000180004455:   ed 0f 85 97 00 00 00 4d 85 e4 0f 84 8e 00 00 00
0x0000000180004465:   41 83 7c 24 0c 00 0f 84 82 00 00 00 4c 8d 44 24
0x0000000180004475:   30 48 8d 4c 24 38 4d 8b cc 48 8b d3 e8 8a f4 ff 



---------------  P R O C E S S  ---------------

Threads class SMR info:
_java_thread_list=0x000002205c77dad0, length=40, elements={
0x000002205bd62800, 0x000002205bd58800, 0x000002205bd5f000, 0x000002205bda9800,
0x000002205bdac000, 0x000002205bdaf000, 0x000002205bdd5800, 0x000002205bdde000,
0x000002205bf82800, 0x000002205c283800, 0x000002205c284000, 0x000002205c62d800,
0x000002205c62b000, 0x000002205c63b000, 0x000002205c88a000, 0x000002205c873000,
0x000002205c8a5000, 0x000002205e14d000, 0x000002205e150800, 0x000002205e151800,
0x000002205e152800, 0x000002205e14b000, 0x000002205e150000, 0x000002205e14c000,
0x000002205e14e800, 0x000002205e14d800, 0x000002205e14f000, 0x000002205dcb2800,
0x000002205dcb6800, 0x000002205dcb1000, 0x000002205dcb2000, 0x000002205dcb3800,
0x000002205dcb5800, 0x000002205dcb7800, 0x000002205dcb4000, 0x000002205dcb5000,
0x000002205dcb0000, 0x000002205dcbd000, 0x000002205dcbe800, 0x000002205dcb9800
}

Java Threads: ( => current thread )
  0x000002205bd62800 JavaThread "Reference Handler" daemon [_thread_blocked, id=13520, stack(0x000000552ef00000,0x000000552f000000)]
  0x000002205bd58800 JavaThread "Finalizer" daemon [_thread_blocked, id=4924, stack(0x000000552f000000,0x000000552f100000)]
  0x000002205bd5f000 JavaThread "Signal Dispatcher" daemon [_thread_blocked, id=13808, stack(0x000000552f100000,0x000000552f200000)]
  0x000002205bda9800 JavaThread "Attach Listener" daemon [_thread_blocked, id=3888, stack(0x000000552f200000,0x000000552f300000)]
  0x000002205bdac000 JavaThread "C1 CompilerThread0" daemon [_thread_blocked, id=1260, stack(0x000000552f300000,0x000000552f400000)]
  0x000002205bdaf000 JavaThread "C1 CompilerThread1" daemon [_thread_blocked, id=5444, stack(0x000000552f400000,0x000000552f500000)]
  0x000002205bdd5800 JavaThread "C1 CompilerThread2" daemon [_thread_blocked, id=13076, stack(0x000000552f500000,0x000000552f600000)]
  0x000002205bdde000 JavaThread "Sweeper thread" daemon [_thread_blocked, id=1612, stack(0x000000552f600000,0x000000552f700000)]
  0x000002205bf82800 JavaThread "Common-Cleaner" daemon [_thread_blocked, id=11932, stack(0x000000552f700000,0x000000552f800000)]
  0x000002205c283800 JavaThread "Monitor Ctrl-Break" daemon [_thread_in_native, id=7756, stack(0x000000552f800000,0x000000552f900000)]
  0x000002205c284000 JavaThread "Service Thread" daemon [_thread_blocked, id=9048, stack(0x000000552f900000,0x000000552fa00000)]
  0x000002205c62d800 JavaThread "RMI TCP Accept-0" daemon [_thread_in_native, id=1404, stack(0x000000552fa00000,0x000000552fb00000)]
  0x000002205c62b000 JavaThread "RMI TCP Accept-63520" daemon [_thread_in_native, id=4768, stack(0x000000552fb00000,0x000000552fc00000)]
  0x000002205c63b000 JavaThread "RMI TCP Accept-0" daemon [_thread_in_native, id=12916, stack(0x000000552fc00000,0x000000552fd00000)]
  0x000002205c88a000 JavaThread "RMI TCP Connection(1)-127.0.0.1" daemon [_thread_in_native, id=8100, stack(0x000000552fe00000,0x000000552ff00000)]
  0x000002205c873000 JavaThread "RMI TCP Connection(2)-127.0.0.1" daemon [_thread_in_native, id=1760, stack(0x000000552ff00000,0x0000005530000000)]
  0x000002205c8a5000 JavaThread "RMI Scheduler(0)" daemon [_thread_blocked, id=11160, stack(0x0000005530000000,0x0000005530100000)]
  0x000002205e14d000 JavaThread "Tomcat-startStop-1" daemon [_thread_blocked, id=2912, stack(0x0000005530100000,0x0000005530200000)]
  0x000002205e150800 JavaThread "localhost-startStop-1" daemon [_thread_blocked, id=8636, stack(0x0000005530200000,0x0000005530300000)]
  0x000002205e151800 JavaThread "ContainerBackgroundProcessor[StandardEngine[Tomcat]]" daemon [_thread_blocked, id=13396, stack(0x0000005530300000,0x0000005530400000)]
  0x000002205e152800 JavaThread "container-0" [_thread_blocked, id=10656, stack(0x0000005530400000,0x0000005530500000)]
  0x000002205e14b000 JavaThread "Thread-1" [_thread_in_native, id=6236, stack(0x0000005530500000,0x0000005530600000)]
  0x000002205e150000 JavaThread "NioBlockingSelector.BlockPoller-1" daemon [_thread_in_native, id=5892, stack(0x0000005530600000,0x0000005530700000)]
=>0x000002205e14c000 JavaThread "http-nio-8081-exec-1" daemon [_thread_in_native, id=11028, stack(0x0000005530700000,0x0000005530800000)]
  0x000002205e14e800 JavaThread "http-nio-8081-exec-2" daemon [_thread_blocked, id=6072, stack(0x0000005530800000,0x0000005530900000)]
  0x000002205e14d800 JavaThread "http-nio-8081-exec-3" daemon [_thread_blocked, id=10748, stack(0x0000005530900000,0x0000005530a00000)]
  0x000002205e14f000 JavaThread "http-nio-8081-exec-4" daemon [_thread_blocked, id=13988, stack(0x0000005530a00000,0x0000005530b00000)]
  0x000002205dcb2800 JavaThread "http-nio-8081-exec-5" daemon [_thread_blocked, id=1200, stack(0x0000005530b00000,0x0000005530c00000)]
  0x000002205dcb6800 JavaThread "http-nio-8081-exec-6" daemon [_thread_blocked, id=10272, stack(0x0000005530c00000,0x0000005530d00000)]
  0x000002205dcb1000 JavaThread "http-nio-8081-exec-7" daemon [_thread_blocked, id=2480, stack(0x0000005530d00000,0x0000005530e00000)]
  0x000002205dcb2000 JavaThread "http-nio-8081-exec-8" daemon [_thread_blocked, id=4800, stack(0x0000005530e00000,0x0000005530f00000)]
  0x000002205dcb3800 JavaThread "http-nio-8081-exec-9" daemon [_thread_blocked, id=10868, stack(0x0000005530f00000,0x0000005531000000)]
  0x000002205dcb5800 JavaThread "http-nio-8081-exec-10" daemon [_thread_blocked, id=13828, stack(0x0000005531000000,0x0000005531100000)]
  0x000002205dcb7800 JavaThread "http-nio-8081-ClientPoller-0" daemon [_thread_in_native, id=2892, stack(0x0000005531100000,0x0000005531200000)]
  0x000002205dcb4000 JavaThread "http-nio-8081-ClientPoller-1" daemon [_thread_in_native, id=7600, stack(0x0000005531200000,0x0000005531300000)]
  0x000002205dcb5000 JavaThread "http-nio-8081-Acceptor-0" daemon [_thread_in_native, id=12088, stack(0x0000005531300000,0x0000005531400000)]
  0x000002205dcb0000 JavaThread "http-nio-8081-AsyncTimeout" daemon [_thread_blocked, id=14188, stack(0x0000005531400000,0x0000005531500000)]
  0x000002205dcbd000 JavaThread "DestroyJavaVM" [_thread_blocked, id=7980, stack(0x000000552e200000,0x000000552e300000)]
  0x000002205dcbe800 JavaThread "RMI TCP Connection(3)-127.0.0.1" daemon [_thread_in_native, id=6788, stack(0x0000005531600000,0x0000005531700000)]
  0x000002205dcb9800 JavaThread "RMI TCP Connection(4)-127.0.0.1" daemon [_thread_in_native, id=12660, stack(0x0000005531800000,0x0000005531900000)]

Other Threads:
  0x000002205905e800 VMThread "VM Thread" [stack: 0x000000552ee00000,0x000000552ef00000] [id=11968]
  0x000002205c63c800 WatcherThread [stack: 0x000000552fd00000,0x000000552fe00000] [id=10284]
  0x00000220353b7800 GCTaskThread "GC Thread#0" [stack: 0x000000552e300000,0x000000552e400000] [id=4428]
  0x00000220353b9000 GCTaskThread "GC Thread#1" [stack: 0x000000552e400000,0x000000552e500000] [id=10928]
  0x00000220353ba800 GCTaskThread "GC Thread#2" [stack: 0x000000552e500000,0x000000552e600000] [id=1960]
  0x00000220353bd000 GCTaskThread "GC Thread#3" [stack: 0x000000552e600000,0x000000552e700000] [id=12608]
  0x0000022035408000 ConcurrentGCThread "G1 Main Marker" [stack: 0x000000552e700000,0x000000552e800000] [id=14192]
  0x0000022035409000 ConcurrentGCThread "G1 Conc#0" [stack: 0x000000552e800000,0x000000552e900000] [id=14168]
  0x0000022058f8c000 ConcurrentGCThread "G1 Refine#0" [stack: 0x000000552e900000,0x000000552ea00000] [id=7348]
  0x0000022058f8c800 ConcurrentGCThread "G1 Refine#1" [stack: 0x000000552ea00000,0x000000552eb00000] [id=10432]
  0x0000022058f8d800 ConcurrentGCThread "G1 Refine#2" [stack: 0x000000552eb00000,0x000000552ec00000] [id=4648]
  0x0000022058f8f800 ConcurrentGCThread "G1 Refine#3" [stack: 0x000000552ec00000,0x000000552ed00000] [id=14000]
  0x0000022058f93800 ConcurrentGCThread "G1 Young RemSet Sampling" [stack: 0x000000552ed00000,0x000000552ee00000] [id=12572]

Threads with active compile tasks:

VM state:not at safepoint (normal execution)

VM Mutex/Monitor currently owned by a thread: None

Heap address: 0x00000006c1800000, size: 4072 MB, Compressed Oops mode: Zero based, Oop shift amount: 3
Narrow klass base: 0x0000000000000000, Narrow klass shift: 3
Compressed class space size: 1073741824 Address: 0x00000007c0000000

Heap:
 garbage-first heap   total 315392K, used 56884K [0x00000006c1800000, 0x00000007c0000000)
  region size 1024K, 43 young (44032K), 5 survivors (5120K)
 Metaspace       used 37323K, capacity 38366K, committed 38476K, reserved 1083392K
  class space    used 4483K, capacity 4909K, committed 4940K, reserved 1048576K
Heap Regions: E=young(eden), S=young(survivor), O=old, HS=humongous(starts), HC=humongous(continues), CS=collection set, F=free, A=archive, TS=gc time stamp, AC=allocation context, TAMS=top-at-mark-start (previous, next)
|   0|0x00000006c1800000, 0x00000006c1900000, 0x00000006c1900000|100%| O|  |TS  0|AC  0|TAMS 0x00000006c1900000, 0x00000006c1900000|
|   1|0x00000006c1900000, 0x00000006c1a00000, 0x00000006c1a00000|100%| O|  |TS  0|AC  0|TAMS 0x00000006c1a00000, 0x00000006c1a00000|
|   2|0x00000006c1a00000, 0x00000006c1b00000, 0x00000006c1b00000|100%| O|  |TS  0|AC  0|TAMS 0x00000006c1b00000, 0x00000006c1b00000|
|   3|0x00000006c1b00000, 0x00000006c1c00000, 0x00000006c1c00000|100%| O|  |TS  0|AC  0|TAMS 0x00000006c1c00000, 0x00000006c1c00000|
|   4|0x00000006c1c00000, 0x00000006c1d00000, 0x00000006c1d00000|100%| O|  |TS  0|AC  0|TAMS 0x00000006c1d00000, 0x00000006c1d00000|
|   5|0x00000006c1d00000, 0x00000006c1e00000, 0x00000006c1e00000|100%| O|  |TS  0|AC  0|TAMS 0x00000006c1e00000, 0x00000006c1e00000|
|   6|0x00000006c1e00000, 0x00000006c1f00000, 0x00000006c1f00000|100%| O|  |TS  0|AC  0|TAMS 0x00000006c1f00000, 0x00000006c1f00000|
|   7|0x00000006c1f00000, 0x00000006c2000000, 0x00000006c2000000|100%| O|  |TS  0|AC  0|TAMS 0x00000006c2000000, 0x00000006c2000000|
|   8|0x00000006c2000000, 0x00000006c2100000, 0x00000006c2100000|100%| O|  |TS  0|AC  0|TAMS 0x00000006c2100000, 0x00000006c2100000|
|   9|0x00000006c2100000, 0x00000006c2200000, 0x00000006c2200000|100%| O|  |TS  0|AC  0|TAMS 0x00000006c2200000, 0x00000006c2200000|
|  10|0x00000006c2200000, 0x00000006c2300000, 0x00000006c2300000|100%| O|  |TS  0|AC  0|TAMS 0x00000006c2300000, 0x00000006c2300000|
|  11|0x00000006c2300000, 0x00000006c2400000, 0x00000006c2400000|100%| O|  |TS  0|AC  0|TAMS 0x00000006c2400000, 0x00000006c2400000|
|  12|0x00000006c2400000, 0x00000006c2500000, 0x00000006c2500000|100%| O|  |TS  0|AC  0|TAMS 0x00000006c2500000, 0x00000006c2500000|
|  13|0x00000006c2500000, 0x00000006c2600000, 0x00000006c2600000|100%| O|  |TS  0|AC  0|TAMS 0x00000006c2600000, 0x00000006c2600000|
|  14|0x00000006c2600000, 0x00000006c2632a00, 0x00000006c2700000| 19%| O|  |TS  0|AC  0|TAMS 0x00000006c2632a00, 0x00000006c2632a00|
|  15|0x00000006c2700000, 0x00000006c2700000, 0x00000006c2800000|  0%| F|  |TS  0|AC  0|TAMS 0x00000006c2700000, 0x00000006c2700000|
|  16|0x00000006c2800000, 0x00000006c2800000, 0x00000006c2900000|  0%| F|  |TS  0|AC  0|TAMS 0x00000006c2800000, 0x00000006c2800000|
|  17|0x00000006c2900000, 0x00000006c2900000, 0x00000006c2a00000|  0%| F|  |TS  0|AC  0|TAMS 0x00000006c2900000, 0x00000006c2900000|
|  18|0x00000006c2a00000, 0x00000006c2a00000, 0x00000006c2b00000|  0%| F|  |TS  0|AC  0|TAMS 0x00000006c2a00000, 0x00000006c2a00000|
|  19|0x00000006c2b00000, 0x00000006c2b00000, 0x00000006c2c00000|  0%| F|  |TS  0|AC  0|TAMS 0x00000006c2b00000, 0x00000006c2b00000|
|  20|0x00000006c2c00000, 0x00000006c2c00000, 0x00000006c2d00000|  0%| F|  |TS  0|AC  0|TAMS 0x00000006c2c00000, 0x00000006c2c00000|
|  21|0x00000006c2d00000, 0x00000006c2d00000, 0x00000006c2e00000|  0%| F|  |TS  0|AC  0|TAMS 0x00000006c2d00000, 0x00000006c2d00000|
|  22|0x00000006c2e00000, 0x00000006c2e00000, 0x00000006c2f00000|  0%| F|  |TS  0|AC  0|TAMS 0x00000006c2e00000, 0x00000006c2e00000|
|  23|0x00000006c2f00000, 0x00000006c2f00000, 0x00000006c3000000|  0%| F|  |TS  0|AC  0|TAMS 0x00000006c2f00000, 0x00000006c2f00000|
|  24|0x00000006c3000000, 0x00000006c3000000, 0x00000006c3100000|  0%| F|  |TS  0|AC  0|TAMS 0x00000006c3000000, 0x00000006c3000000|
|  25|0x00000006c3100000, 0x00000006c3100000, 0x00000006c3200000|  0%| F|  |TS  0|AC  0|TAMS 0x00000006c3100000, 0x00000006c3100000|
|  26|0x00000006c3200000, 0x00000006c3200000, 0x00000006c3300000|  0%| F|  |TS  0|AC  0|TAMS 0x00000006c3200000, 0x00000006c3200000|
|  27|0x00000006c3300000, 0x00000006c3300000, 0x00000006c3400000|  0%| F|  |TS  0|AC  0|TAMS 0x00000006c3300000, 0x00000006c3300000|
|  28|0x00000006c3400000, 0x00000006c3400000, 0x00000006c3500000|  0%| F|  |TS  0|AC  0|TAMS 0x00000006c3400000, 0x00000006c3400000|
|  29|0x00000006c3500000, 0x00000006c3500000, 0x00000006c3600000|  0%| F|  |TS  0|AC  0|TAMS 0x00000006c3500000, 0x00000006c3500000|
|  30|0x00000006c3600000, 0x00000006c3600000, 0x00000006c3700000|  0%| F|  |TS  0|AC  0|TAMS 0x00000006c3600000, 0x00000006c3600000|
|  31|0x00000006c3700000, 0x00000006c3700000, 0x00000006c3800000|  0%| F|  |TS  0|AC  0|TAMS 0x00000006c3700000, 0x00000006c3700000|
|  32|0x00000006c3800000, 0x00000006c3800000, 0x00000006c3900000|  0%| F|  |TS  0|AC  0|TAMS 0x00000006c3800000, 0x00000006c3800000|
|  33|0x00000006c3900000, 0x00000006c3900000, 0x00000006c3a00000|  0%| F|  |TS  0|AC  0|TAMS 0x00000006c3900000, 0x00000006c3900000|
|  34|0x00000006c3a00000, 0x00000006c3a00000, 0x00000006c3b00000|  0%| F|  |TS  0|AC  0|TAMS 0x00000006c3a00000, 0x00000006c3a00000|
|  35|0x00000006c3b00000, 0x00000006c3b00000, 0x00000006c3c00000|  0%| F|  |TS  0|AC  0|TAMS 0x00000006c3b00000, 0x00000006c3b00000|
|  36|0x00000006c3c00000, 0x00000006c3c00000, 0x00000006c3d00000|  0%| F|  |TS  0|AC  0|TAMS 0x00000006c3c00000, 0x00000006c3c00000|
|  37|0x00000006c3d00000, 0x00000006c3d00000, 0x00000006c3e00000|  0%| F|  |TS  0|AC  0|TAMS 0x00000006c3d00000, 0x00000006c3d00000|
|  38|0x00000006c3e00000, 0x00000006c3e00000, 0x00000006c3f00000|  0%| F|  |TS  0|AC  0|TAMS 0x00000006c3e00000, 0x00000006c3e00000|
|  39|0x00000006c3f00000, 0x00000006c3f00000, 0x00000006c4000000|  0%| F|  |TS  0|AC  0|TAMS 0x00000006c3f00000, 0x00000006c3f00000|
|  40|0x00000006c4000000, 0x00000006c4000000, 0x00000006c4100000|  0%| F|  |TS  0|AC  0|TAMS 0x00000006c4000000, 0x00000006c4000000|
|  41|0x00000006c4100000, 0x00000006c4100000, 0x00000006c4200000|  0%| F|  |TS  0|AC  0|TAMS 0x00000006c4100000, 0x00000006c4100000|
|  42|0x00000006c4200000, 0x00000006c4200000, 0x00000006c4300000|  0%| F|  |TS  0|AC  0|TAMS 0x00000006c4200000, 0x00000006c4200000|
|  43|0x00000006c4300000, 0x00000006c4300000, 0x00000006c4400000|  0%| F|  |TS  0|AC  0|TAMS 0x00000006c4300000, 0x00000006c4300000|
|  44|0x00000006c4400000, 0x00000006c4400000, 0x00000006c4500000|  0%| F|  |TS  0|AC  0|TAMS 0x00000006c4400000, 0x00000006c4400000|
|  45|0x00000006c4500000, 0x00000006c4500000, 0x00000006c4600000|  0%| F|  |TS  0|AC  0|TAMS 0x00000006c4500000, 0x00000006c4500000|
|  46|0x00000006c4600000, 0x00000006c4600000, 0x00000006c4700000|  0%| F|  |TS  0|AC  0|TAMS 0x00000006c4600000, 0x00000006c4600000|
|  47|0x00000006c4700000, 0x00000006c4700000, 0x00000006c4800000|  0%| F|  |TS  0|AC  0|TAMS 0x00000006c4700000, 0x00000006c4700000|
|  48|0x00000006c4800000, 0x00000006c4800000, 0x00000006c4900000|  0%| F|  |TS  0|AC  0|TAMS 0x00000006c4800000, 0x00000006c4800000|
|  49|0x00000006c4900000, 0x00000006c4900000, 0x00000006c4a00000|  0%| F|  |TS  0|AC  0|TAMS 0x00000006c4900000, 0x00000006c4900000|
|  50|0x00000006c4a00000, 0x00000006c4a00000, 0x00000006c4b00000|  0%| F|  |TS  0|AC  0|TAMS 0x00000006c4a00000, 0x00000006c4a00000|
|  51|0x00000006c4b00000, 0x00000006c4b00000, 0x00000006c4c00000|  0%| F|  |TS  0|AC  0|TAMS 0x00000006c4b00000, 0x00000006c4b00000|
|  52|0x00000006c4c00000, 0x00000006c4c00000, 0x00000006c4d00000|  0%| F|  |TS  0|AC  0|TAMS 0x00000006c4c00000, 0x00000006c4c00000|
|  53|0x00000006c4d00000, 0x00000006c4d00000, 0x00000006c4e00000|  0%| F|  |TS  0|AC  0|TAMS 0x00000006c4d00000, 0x00000006c4d00000|
|  54|0x00000006c4e00000, 0x00000006c4e00000, 0x00000006c4f00000|  0%| F|  |TS  0|AC  0|TAMS 0x00000006c4e00000, 0x00000006c4e00000|
|  55|0x00000006c4f00000, 0x00000006c4f00000, 0x00000006c5000000|  0%| F|  |TS  0|AC  0|TAMS 0x00000006c4f00000, 0x00000006c4f00000|
|  56|0x00000006c5000000, 0x00000006c5000000, 0x00000006c5100000|  0%| F|  |TS  0|AC  0|TAMS 0x00000006c5000000, 0x00000006c5000000|
|  57|0x00000006c5100000, 0x00000006c5100000, 0x00000006c5200000|  0%| F|  |TS  0|AC  0|TAMS 0x00000006c5100000, 0x00000006c5100000|
|  58|0x00000006c5200000, 0x00000006c5200000, 0x00000006c5300000|  0%| F|  |TS  0|AC  0|TAMS 0x00000006c5200000, 0x00000006c5200000|
|  59|0x00000006c5300000, 0x00000006c5300000, 0x00000006c5400000|  0%| F|  |TS  0|AC  0|TAMS 0x00000006c5300000, 0x00000006c5300000|
|  60|0x00000006c5400000, 0x00000006c5400000, 0x00000006c5500000|  0%| F|  |TS  0|AC  0|TAMS 0x00000006c5400000, 0x00000006c5400000|
|  61|0x00000006c5500000, 0x00000006c5500000, 0x00000006c5600000|  0%| F|  |TS  0|AC  0|TAMS 0x00000006c5500000, 0x00000006c5500000|
|  62|0x00000006c5600000, 0x00000006c5600000, 0x00000006c5700000|  0%| F|  |TS  0|AC  0|TAMS 0x00000006c5600000, 0x00000006c5600000|
|  63|0x00000006c5700000, 0x00000006c5700000, 0x00000006c5800000|  0%| F|  |TS  0|AC  0|TAMS 0x00000006c5700000, 0x00000006c5700000|
|  64|0x00000006c5800000, 0x00000006c5800000, 0x00000006c5900000|  0%| F|  |TS  0|AC  0|TAMS 0x00000006c5800000, 0x00000006c5800000|
|  65|0x00000006c5900000, 0x00000006c5900000, 0x00000006c5a00000|  0%| F|  |TS  0|AC  0|TAMS 0x00000006c5900000, 0x00000006c5900000|
|  66|0x00000006c5a00000, 0x00000006c5a00000, 0x00000006c5b00000|  0%| F|  |TS  0|AC  0|TAMS 0x00000006c5a00000, 0x00000006c5a00000|
|  67|0x00000006c5b00000, 0x00000006c5b00000, 0x00000006c5c00000|  0%| F|  |TS  0|AC  0|TAMS 0x00000006c5b00000, 0x00000006c5b00000|
|  68|0x00000006c5c00000, 0x00000006c5c00000, 0x00000006c5d00000|  0%| F|  |TS  0|AC  0|TAMS 0x00000006c5c00000, 0x00000006c5c00000|
|  69|0x00000006c5d00000, 0x00000006c5d00000, 0x00000006c5e00000|  0%| F|  |TS  0|AC  0|TAMS 0x00000006c5d00000, 0x00000006c5d00000|
|  70|0x00000006c5e00000, 0x00000006c5e00000, 0x00000006c5f00000|  0%| F|  |TS  0|AC  0|TAMS 0x00000006c5e00000, 0x00000006c5e00000|
|  71|0x00000006c5f00000, 0x00000006c5f00000, 0x00000006c6000000|  0%| F|  |TS  0|AC  0|TAMS 0x00000006c5f00000, 0x00000006c5f00000|
|  72|0x00000006c6000000, 0x00000006c6000000, 0x00000006c6100000|  0%| F|  |TS  0|AC  0|TAMS 0x00000006c6000000, 0x00000006c6000000|
|  73|0x00000006c6100000, 0x00000006c6100000, 0x00000006c6200000|  0%| F|  |TS  0|AC  0|TAMS 0x00000006c6100000, 0x00000006c6100000|
|  74|0x00000006c6200000, 0x00000006c6200000, 0x00000006c6300000|  0%| F|  |TS  0|AC  0|TAMS 0x00000006c6200000, 0x00000006c6200000|
|  75|0x00000006c6300000, 0x00000006c6300000, 0x00000006c6400000|  0%| F|  |TS  0|AC  0|TAMS 0x00000006c6300000, 0x00000006c6300000|
|  76|0x00000006c6400000, 0x00000006c6400000, 0x00000006c6500000|  0%| F|  |TS  0|AC  0|TAMS 0x00000006c6400000, 0x00000006c6400000|
|  77|0x00000006c6500000, 0x00000006c6500000, 0x00000006c6600000|  0%| F|  |TS  0|AC  0|TAMS 0x00000006c6500000, 0x00000006c6500000|
|  78|0x00000006c6600000, 0x00000006c6600000, 0x00000006c6700000|  0%| F|  |TS  0|AC  0|TAMS 0x00000006c6600000, 0x00000006c6600000|
|  79|0x00000006c6700000, 0x00000006c6700000, 0x00000006c6800000|  0%| F|  |TS  0|AC  0|TAMS 0x00000006c6700000, 0x00000006c6700000|
|  80|0x00000006c6800000, 0x00000006c6800000, 0x00000006c6900000|  0%| F|  |TS  0|AC  0|TAMS 0x00000006c6800000, 0x00000006c6800000|
|  81|0x00000006c6900000, 0x00000006c6900000, 0x00000006c6a00000|  0%| F|  |TS  0|AC  0|TAMS 0x00000006c6900000, 0x00000006c6900000|
|  82|0x00000006c6a00000, 0x00000006c6a00000, 0x00000006c6b00000|  0%| F|  |TS  0|AC  0|TAMS 0x00000006c6a00000, 0x00000006c6a00000|
|  83|0x00000006c6b00000, 0x00000006c6b00000, 0x00000006c6c00000|  0%| F|  |TS  0|AC  0|TAMS 0x00000006c6b00000, 0x00000006c6b00000|
|  84|0x00000006c6c00000, 0x00000006c6c00000, 0x00000006c6d00000|  0%| F|  |TS  0|AC  0|TAMS 0x00000006c6c00000, 0x00000006c6c00000|
|  85|0x00000006c6d00000, 0x00000006c6d00000, 0x00000006c6e00000|  0%| F|  |TS  0|AC  0|TAMS 0x00000006c6d00000, 0x00000006c6d00000|
|  86|0x00000006c6e00000, 0x00000006c6e00000, 0x00000006c6f00000|  0%| F|  |TS  0|AC  0|TAMS 0x00000006c6e00000, 0x00000006c6e00000|
|  87|0x00000006c6f00000, 0x00000006c6f00000, 0x00000006c7000000|  0%| F|  |TS  0|AC  0|TAMS 0x00000006c6f00000, 0x00000006c6f00000|
|  88|0x00000006c7000000, 0x00000006c7000000, 0x00000006c7100000|  0%| F|  |TS  0|AC  0|TAMS 0x00000006c7000000, 0x00000006c7000000|
|  89|0x00000006c7100000, 0x00000006c7100000, 0x00000006c7200000|  0%| F|  |TS  0|AC  0|TAMS 0x00000006c7100000, 0x00000006c7100000|
|  90|0x00000006c7200000, 0x00000006c7200000, 0x00000006c7300000|  0%| F|  |TS  0|AC  0|TAMS 0x00000006c7200000, 0x00000006c7200000|
|  91|0x00000006c7300000, 0x00000006c7300000, 0x00000006c7400000|  0%| F|  |TS  0|AC  0|TAMS 0x00000006c7300000, 0x00000006c7300000|
|  92|0x00000006c7400000, 0x00000006c7400000, 0x00000006c7500000|  0%| F|  |TS  0|AC  0|TAMS 0x00000006c7400000, 0x00000006c7400000|
|  93|0x00000006c7500000, 0x00000006c7500000, 0x00000006c7600000|  0%| F|  |TS  0|AC  0|TAMS 0x00000006c7500000, 0x00000006c7500000|
|  94|0x00000006c7600000, 0x00000006c7600000, 0x00000006c7700000|  0%| F|  |TS  0|AC  0|TAMS 0x00000006c7600000, 0x00000006c7600000|
|  95|0x00000006c7700000, 0x00000006c7700000, 0x00000006c7800000|  0%| F|  |TS  0|AC  0|TAMS 0x00000006c7700000, 0x00000006c7700000|
|  96|0x00000006c7800000, 0x00000006c7800000, 0x00000006c7900000|  0%| F|  |TS  0|AC  0|TAMS 0x00000006c7800000, 0x00000006c7800000|
|  97|0x00000006c7900000, 0x00000006c7900000, 0x00000006c7a00000|  0%| F|  |TS  0|AC  0|TAMS 0x00000006c7900000, 0x00000006c7900000|
|  98|0x00000006c7a00000, 0x00000006c7a00000, 0x00000006c7b00000|  0%| F|  |TS  0|AC  0|TAMS 0x00000006c7a00000, 0x00000006c7a00000|
|  99|0x00000006c7b00000, 0x00000006c7b00000, 0x00000006c7c00000|  0%| F|  |TS  0|AC  0|TAMS 0x00000006c7b00000, 0x00000006c7b00000|
| 100|0x00000006c7c00000, 0x00000006c7c00000, 0x00000006c7d00000|  0%| F|  |TS  0|AC  0|TAMS 0x00000006c7c00000, 0x00000006c7c00000|
| 101|0x00000006c7d00000, 0x00000006c7d00000, 0x00000006c7e00000|  0%| F|  |TS  0|AC  0|TAMS 0x00000006c7d00000, 0x00000006c7d00000|
| 102|0x00000006c7e00000, 0x00000006c7e00000, 0x00000006c7f00000|  0%| F|  |TS  0|AC  0|TAMS 0x00000006c7e00000, 0x00000006c7e00000|
| 103|0x00000006c7f00000, 0x00000006c7f00000, 0x00000006c8000000|  0%| F|  |TS  0|AC  0|TAMS 0x00000006c7f00000, 0x00000006c7f00000|
| 104|0x00000006c8000000, 0x00000006c8000000, 0x00000006c8100000|  0%| F|  |TS  0|AC  0|TAMS 0x00000006c8000000, 0x00000006c8000000|
| 105|0x00000006c8100000, 0x00000006c8100000, 0x00000006c8200000|  0%| F|  |TS  0|AC  0|TAMS 0x00000006c8100000, 0x00000006c8100000|
| 106|0x00000006c8200000, 0x00000006c8200000, 0x00000006c8300000|  0%| F|  |TS  0|AC  0|TAMS 0x00000006c8200000, 0x00000006c8200000|
| 107|0x00000006c8300000, 0x00000006c8300000, 0x00000006c8400000|  0%| F|  |TS  0|AC  0|TAMS 0x00000006c8300000, 0x00000006c8300000|
| 108|0x00000006c8400000, 0x00000006c8400000, 0x00000006c8500000|  0%| F|  |TS  0|AC  0|TAMS 0x00000006c8400000, 0x00000006c8400000|
| 109|0x00000006c8500000, 0x00000006c8500000, 0x00000006c8600000|  0%| F|  |TS  0|AC  0|TAMS 0x00000006c8500000, 0x00000006c8500000|
| 110|0x00000006c8600000, 0x00000006c8600000, 0x00000006c8700000|  0%| F|  |TS  0|AC  0|TAMS 0x00000006c8600000, 0x00000006c8600000|
| 111|0x00000006c8700000, 0x00000006c8700000, 0x00000006c8800000|  0%| F|  |TS  0|AC  0|TAMS 0x00000006c8700000, 0x00000006c8700000|
| 112|0x00000006c8800000, 0x00000006c8800000, 0x00000006c8900000|  0%| F|  |TS  0|AC  0|TAMS 0x00000006c8800000, 0x00000006c8800000|
| 113|0x00000006c8900000, 0x00000006c8900000, 0x00000006c8a00000|  0%| F|  |TS  0|AC  0|TAMS 0x00000006c8900000, 0x00000006c8900000|
| 114|0x00000006c8a00000, 0x00000006c8a00000, 0x00000006c8b00000|  0%| F|  |TS  0|AC  0|TAMS 0x00000006c8a00000, 0x00000006c8a00000|
| 115|0x00000006c8b00000, 0x00000006c8b00000, 0x00000006c8c00000|  0%| F|  |TS  0|AC  0|TAMS 0x00000006c8b00000, 0x00000006c8b00000|
| 116|0x00000006c8c00000, 0x00000006c8c00000, 0x00000006c8d00000|  0%| F|  |TS  0|AC  0|TAMS 0x00000006c8c00000, 0x00000006c8c00000|
| 117|0x00000006c8d00000, 0x00000006c8d00000, 0x00000006c8e00000|  0%| F|  |TS  0|AC  0|TAMS 0x00000006c8d00000, 0x00000006c8d00000|
| 118|0x00000006c8e00000, 0x00000006c8e00000, 0x00000006c8f00000|  0%| F|  |TS  0|AC  0|TAMS 0x00000006c8e00000, 0x00000006c8e00000|
| 119|0x00000006c8f00000, 0x00000006c8f00000, 0x00000006c9000000|  0%| F|  |TS  0|AC  0|TAMS 0x00000006c8f00000, 0x00000006c8f00000|
| 120|0x00000006c9000000, 0x00000006c9000000, 0x00000006c9100000|  0%| F|  |TS  0|AC  0|TAMS 0x00000006c9000000, 0x00000006c9000000|
| 121|0x00000006c9100000, 0x00000006c9100000, 0x00000006c9200000|  0%| F|  |TS  0|AC  0|TAMS 0x00000006c9100000, 0x00000006c9100000|
| 122|0x00000006c9200000, 0x00000006c9200000, 0x00000006c9300000|  0%| F|  |TS  0|AC  0|TAMS 0x00000006c9200000, 0x00000006c9200000|
| 123|0x00000006c9300000, 0x00000006c9300000, 0x00000006c9400000|  0%| F|  |TS  0|AC  0|TAMS 0x00000006c9300000, 0x00000006c9300000|
| 124|0x00000006c9400000, 0x00000006c9400000, 0x00000006c9500000|  0%| F|  |TS  0|AC  0|TAMS 0x00000006c9400000, 0x00000006c9400000|
| 125|0x00000006c9500000, 0x00000006c9500000, 0x00000006c9600000|  0%| F|  |TS  0|AC  0|TAMS 0x00000006c9500000, 0x00000006c9500000|
| 126|0x00000006c9600000, 0x00000006c9600000, 0x00000006c9700000|  0%| F|  |TS  0|AC  0|TAMS 0x00000006c9600000, 0x00000006c9600000|
| 127|0x00000006c9700000, 0x00000006c9700000, 0x00000006c9800000|  0%| F|  |TS  0|AC  0|TAMS 0x00000006c9700000, 0x00000006c9700000|
| 128|0x00000006c9800000, 0x00000006c9800000, 0x00000006c9900000|  0%| F|  |TS  0|AC  0|TAMS 0x00000006c9800000, 0x00000006c9800000|
| 129|0x00000006c9900000, 0x00000006c9900000, 0x00000006c9a00000|  0%| F|  |TS  0|AC  0|TAMS 0x00000006c9900000, 0x00000006c9900000|
| 130|0x00000006c9a00000, 0x00000006c9a00000, 0x00000006c9b00000|  0%| F|  |TS  0|AC  0|TAMS 0x00000006c9a00000, 0x00000006c9a00000|
| 131|0x00000006c9b00000, 0x00000006c9b00000, 0x00000006c9c00000|  0%| F|  |TS  0|AC  0|TAMS 0x00000006c9b00000, 0x00000006c9b00000|
| 132|0x00000006c9c00000, 0x00000006c9c00000, 0x00000006c9d00000|  0%| F|  |TS  0|AC  0|TAMS 0x00000006c9c00000, 0x00000006c9c00000|
| 133|0x00000006c9d00000, 0x00000006c9d00000, 0x00000006c9e00000|  0%| F|  |TS  0|AC  0|TAMS 0x00000006c9d00000, 0x00000006c9d00000|
| 134|0x00000006c9e00000, 0x00000006c9e00000, 0x00000006c9f00000|  0%| F|  |TS  0|AC  0|TAMS 0x00000006c9e00000, 0x00000006c9e00000|
| 135|0x00000006c9f00000, 0x00000006c9f00000, 0x00000006ca000000|  0%| F|  |TS  0|AC  0|TAMS 0x00000006c9f00000, 0x00000006c9f00000|
| 136|0x00000006ca000000, 0x00000006ca000000, 0x00000006ca100000|  0%| F|  |TS  0|AC  0|TAMS 0x00000006ca000000, 0x00000006ca000000|
| 137|0x00000006ca100000, 0x00000006ca100000, 0x00000006ca200000|  0%| F|  |TS  0|AC  0|TAMS 0x00000006ca100000, 0x00000006ca100000|
| 138|0x00000006ca200000, 0x00000006ca200000, 0x00000006ca300000|  0%| F|  |TS  0|AC  0|TAMS 0x00000006ca200000, 0x00000006ca200000|
| 139|0x00000006ca300000, 0x00000006ca300000, 0x00000006ca400000|  0%| F|  |TS  0|AC  0|TAMS 0x00000006ca300000, 0x00000006ca300000|
| 140|0x00000006ca400000, 0x00000006ca400000, 0x00000006ca500000|  0%| F|  |TS  0|AC  0|TAMS 0x00000006ca400000, 0x00000006ca400000|
| 141|0x00000006ca500000, 0x00000006ca500000, 0x00000006ca600000|  0%| F|  |TS  0|AC  0|TAMS 0x00000006ca500000, 0x00000006ca500000|
| 142|0x00000006ca600000, 0x00000006ca600000, 0x00000006ca700000|  0%| F|  |TS  0|AC  0|TAMS 0x00000006ca600000, 0x00000006ca600000|
| 143|0x00000006ca700000, 0x00000006ca700000, 0x00000006ca800000|  0%| F|  |TS  0|AC  0|TAMS 0x00000006ca700000, 0x00000006ca700000|
| 144|0x00000006ca800000, 0x00000006ca800000, 0x00000006ca900000|  0%| F|  |TS  0|AC  0|TAMS 0x00000006ca800000, 0x00000006ca800000|
| 145|0x00000006ca900000, 0x00000006ca900000, 0x00000006caa00000|  0%| F|  |TS  0|AC  0|TAMS 0x00000006ca900000, 0x00000006ca900000|
| 146|0x00000006caa00000, 0x00000006caa00000, 0x00000006cab00000|  0%| F|  |TS  0|AC  0|TAMS 0x00000006caa00000, 0x00000006caa00000|
| 147|0x00000006cab00000, 0x00000006cab00000, 0x00000006cac00000|  0%| F|  |TS  0|AC  0|TAMS 0x00000006cab00000, 0x00000006cab00000|
| 148|0x00000006cac00000, 0x00000006cac00000, 0x00000006cad00000|  0%| F|  |TS  0|AC  0|TAMS 0x00000006cac00000, 0x00000006cac00000|
| 149|0x00000006cad00000, 0x00000006cad00000, 0x00000006cae00000|  0%| F|  |TS  0|AC  0|TAMS 0x00000006cad00000, 0x00000006cad00000|
| 150|0x00000006cae00000, 0x00000006cae00000, 0x00000006caf00000|  0%| F|  |TS  0|AC  0|TAMS 0x00000006cae00000, 0x00000006cae00000|
| 151|0x00000006caf00000, 0x00000006caf00000, 0x00000006cb000000|  0%| F|  |TS  0|AC  0|TAMS 0x00000006caf00000, 0x00000006caf00000|
| 152|0x00000006cb000000, 0x00000006cb000000, 0x00000006cb100000|  0%| F|  |TS  0|AC  0|TAMS 0x00000006cb000000, 0x00000006cb000000|
| 153|0x00000006cb100000, 0x00000006cb100000, 0x00000006cb200000|  0%| F|  |TS  0|AC  0|TAMS 0x00000006cb100000, 0x00000006cb100000|
| 154|0x00000006cb200000, 0x00000006cb200000, 0x00000006cb300000|  0%| F|  |TS  0|AC  0|TAMS 0x00000006cb200000, 0x00000006cb200000|
| 155|0x00000006cb300000, 0x00000006cb300000, 0x00000006cb400000|  0%| F|  |TS  0|AC  0|TAMS 0x00000006cb300000, 0x00000006cb300000|
| 156|0x00000006cb400000, 0x00000006cb400000, 0x00000006cb500000|  0%| F|  |TS  0|AC  0|TAMS 0x00000006cb400000, 0x00000006cb400000|
| 157|0x00000006cb500000, 0x00000006cb500000, 0x00000006cb600000|  0%| F|  |TS  0|AC  0|TAMS 0x00000006cb500000, 0x00000006cb500000|
| 158|0x00000006cb600000, 0x00000006cb600000, 0x00000006cb700000|  0%| F|  |TS  0|AC  0|TAMS 0x00000006cb600000, 0x00000006cb600000|
| 159|0x00000006cb700000, 0x00000006cb700000, 0x00000006cb800000|  0%| F|  |TS  0|AC  0|TAMS 0x00000006cb700000, 0x00000006cb700000|
| 160|0x00000006cb800000, 0x00000006cb800000, 0x00000006cb900000|  0%| F|  |TS  0|AC  0|TAMS 0x00000006cb800000, 0x00000006cb800000|
| 161|0x00000006cb900000, 0x00000006cb900000, 0x00000006cba00000|  0%| F|  |TS  0|AC  0|TAMS 0x00000006cb900000, 0x00000006cb900000|
| 162|0x00000006cba00000, 0x00000006cba00000, 0x00000006cbb00000|  0%| F|  |TS  0|AC  0|TAMS 0x00000006cba00000, 0x00000006cba00000|
| 163|0x00000006cbb00000, 0x00000006cbb00000, 0x00000006cbc00000|  0%| F|  |TS  0|AC  0|TAMS 0x00000006cbb00000, 0x00000006cbb00000|
| 164|0x00000006cbc00000, 0x00000006cbc00000, 0x00000006cbd00000|  0%| F|  |TS  0|AC  0|TAMS 0x00000006cbc00000, 0x00000006cbc00000|
| 165|0x00000006cbd00000, 0x00000006cbd00000, 0x00000006cbe00000|  0%| F|  |TS  0|AC  0|TAMS 0x00000006cbd00000, 0x00000006cbd00000|
| 166|0x00000006cbe00000, 0x00000006cbe00000, 0x00000006cbf00000|  0%| F|  |TS  0|AC  0|TAMS 0x00000006cbe00000, 0x00000006cbe00000|
| 167|0x00000006cbf00000, 0x00000006cbf00000, 0x00000006cc000000|  0%| F|  |TS  0|AC  0|TAMS 0x00000006cbf00000, 0x00000006cbf00000|
| 168|0x00000006cc000000, 0x00000006cc000000, 0x00000006cc100000|  0%| F|  |TS  0|AC  0|TAMS 0x00000006cc000000, 0x00000006cc000000|
| 169|0x00000006cc100000, 0x00000006cc100000, 0x00000006cc200000|  0%| F|  |TS  0|AC  0|TAMS 0x00000006cc100000, 0x00000006cc100000|
| 170|0x00000006cc200000, 0x00000006cc200000, 0x00000006cc300000|  0%| F|  |TS  0|AC  0|TAMS 0x00000006cc200000, 0x00000006cc200000|
| 171|0x00000006cc300000, 0x00000006cc300000, 0x00000006cc400000|  0%| F|  |TS  0|AC  0|TAMS 0x00000006cc300000, 0x00000006cc300000|
| 172|0x00000006cc400000, 0x00000006cc400000, 0x00000006cc500000|  0%| F|  |TS  0|AC  0|TAMS 0x00000006cc400000, 0x00000006cc400000|
| 173|0x00000006cc500000, 0x00000006cc500000, 0x00000006cc600000|  0%| F|  |TS  0|AC  0|TAMS 0x00000006cc500000, 0x00000006cc500000|
| 174|0x00000006cc600000, 0x00000006cc600000, 0x00000006cc700000|  0%| F|  |TS  0|AC  0|TAMS 0x00000006cc600000, 0x00000006cc600000|
| 175|0x00000006cc700000, 0x00000006cc700000, 0x00000006cc800000|  0%| F|  |TS  0|AC  0|TAMS 0x00000006cc700000, 0x00000006cc700000|
| 176|0x00000006cc800000, 0x00000006cc800000, 0x00000006cc900000|  0%| F|  |TS  0|AC  0|TAMS 0x00000006cc800000, 0x00000006cc800000|
| 177|0x00000006cc900000, 0x00000006cc900000, 0x00000006cca00000|  0%| F|  |TS  0|AC  0|TAMS 0x00000006cc900000, 0x00000006cc900000|
| 178|0x00000006cca00000, 0x00000006cca00000, 0x00000006ccb00000|  0%| F|  |TS  0|AC  0|TAMS 0x00000006cca00000, 0x00000006cca00000|
| 179|0x00000006ccb00000, 0x00000006ccb00000, 0x00000006ccc00000|  0%| F|  |TS  0|AC  0|TAMS 0x00000006ccb00000, 0x00000006ccb00000|
| 180|0x00000006ccc00000, 0x00000006ccc00000, 0x00000006ccd00000|  0%| F|  |TS  0|AC  0|TAMS 0x00000006ccc00000, 0x00000006ccc00000|
| 181|0x00000006ccd00000, 0x00000006ccd00000, 0x00000006cce00000|  0%| F|  |TS  0|AC  0|TAMS 0x00000006ccd00000, 0x00000006ccd00000|
| 182|0x00000006cce00000, 0x00000006cce00000, 0x00000006ccf00000|  0%| F|  |TS  0|AC  0|TAMS 0x00000006cce00000, 0x00000006cce00000|
| 183|0x00000006ccf00000, 0x00000006ccf00000, 0x00000006cd000000|  0%| F|  |TS  0|AC  0|TAMS 0x00000006ccf00000, 0x00000006ccf00000|
| 184|0x00000006cd000000, 0x00000006cd000000, 0x00000006cd100000|  0%| F|  |TS  0|AC  0|TAMS 0x00000006cd000000, 0x00000006cd000000|
| 185|0x00000006cd100000, 0x00000006cd100000, 0x00000006cd200000|  0%| F|  |TS  0|AC  0|TAMS 0x00000006cd100000, 0x00000006cd100000|
| 186|0x00000006cd200000, 0x00000006cd200000, 0x00000006cd300000|  0%| F|  |TS  0|AC  0|TAMS 0x00000006cd200000, 0x00000006cd200000|
| 187|0x00000006cd300000, 0x00000006cd300000, 0x00000006cd400000|  0%| F|  |TS  0|AC  0|TAMS 0x00000006cd300000, 0x00000006cd300000|
| 188|0x00000006cd400000, 0x00000006cd400000, 0x00000006cd500000|  0%| F|  |TS  0|AC  0|TAMS 0x00000006cd400000, 0x00000006cd400000|
| 189|0x00000006cd500000, 0x00000006cd500000, 0x00000006cd600000|  0%| F|  |TS  0|AC  0|TAMS 0x00000006cd500000, 0x00000006cd500000|
| 190|0x00000006cd600000, 0x00000006cd600000, 0x00000006cd700000|  0%| F|  |TS  0|AC  0|TAMS 0x00000006cd600000, 0x00000006cd600000|
| 191|0x00000006cd700000, 0x00000006cd700000, 0x00000006cd800000|  0%| F|  |TS  0|AC  0|TAMS 0x00000006cd700000, 0x00000006cd700000|
| 192|0x00000006cd800000, 0x00000006cd800000, 0x00000006cd900000|  0%| F|  |TS  0|AC  0|TAMS 0x00000006cd800000, 0x00000006cd800000|
| 193|0x00000006cd900000, 0x00000006cd900000, 0x00000006cda00000|  0%| F|  |TS  0|AC  0|TAMS 0x00000006cd900000, 0x00000006cd900000|
| 194|0x00000006cda00000, 0x00000006cda00000, 0x00000006cdb00000|  0%| F|  |TS  0|AC  0|TAMS 0x00000006cda00000, 0x00000006cda00000|
| 195|0x00000006cdb00000, 0x00000006cdb00000, 0x00000006cdc00000|  0%| F|  |TS  0|AC  0|TAMS 0x00000006cdb00000, 0x00000006cdb00000|
| 196|0x00000006cdc00000, 0x00000006cdc5a700, 0x00000006cdd00000| 35%| S|CS|TS  0|AC  0|TAMS 0x00000006cdc00000, 0x00000006cdc00000|
| 197|0x00000006cdd00000, 0x00000006cde00000, 0x00000006cde00000|100%| S|CS|TS  0|AC  0|TAMS 0x00000006cdd00000, 0x00000006cdd00000|
| 198|0x00000006cde00000, 0x00000006cdf00000, 0x00000006cdf00000|100%| S|CS|TS  0|AC  0|TAMS 0x00000006cde00000, 0x00000006cde00000|
| 199|0x00000006cdf00000, 0x00000006ce000000, 0x00000006ce000000|100%| S|CS|TS  0|AC  0|TAMS 0x00000006cdf00000, 0x00000006cdf00000|
| 200|0x00000006ce000000, 0x00000006ce100000, 0x00000006ce100000|100%| S|CS|TS  0|AC  0|TAMS 0x00000006ce000000, 0x00000006ce000000|
| 201|0x00000006ce100000, 0x00000006ce100000, 0x00000006ce200000|  0%| F|  |TS  0|AC  0|TAMS 0x00000006ce100000, 0x00000006ce100000|
| 202|0x00000006ce200000, 0x00000006ce200000, 0x00000006ce300000|  0%| F|  |TS  0|AC  0|TAMS 0x00000006ce200000, 0x00000006ce200000|
| 203|0x00000006ce300000, 0x00000006ce300000, 0x00000006ce400000|  0%| F|  |TS  0|AC  0|TAMS 0x00000006ce300000, 0x00000006ce300000|
| 204|0x00000006ce400000, 0x00000006ce400000, 0x00000006ce500000|  0%| F|  |TS  0|AC  0|TAMS 0x00000006ce400000, 0x00000006ce400000|
| 205|0x00000006ce500000, 0x00000006ce500000, 0x00000006ce600000|  0%| F|  |TS  0|AC  0|TAMS 0x00000006ce500000, 0x00000006ce500000|
| 206|0x00000006ce600000, 0x00000006ce600000, 0x00000006ce700000|  0%| F|  |TS  0|AC  0|TAMS 0x00000006ce600000, 0x00000006ce600000|
| 207|0x00000006ce700000, 0x00000006ce700000, 0x00000006ce800000|  0%| F|  |TS  0|AC  0|TAMS 0x00000006ce700000, 0x00000006ce700000|
| 208|0x00000006ce800000, 0x00000006ce800000, 0x00000006ce900000|  0%| F|  |TS  0|AC  0|TAMS 0x00000006ce800000, 0x00000006ce800000|
| 209|0x00000006ce900000, 0x00000006ce900000, 0x00000006cea00000|  0%| F|  |TS  0|AC  0|TAMS 0x00000006ce900000, 0x00000006ce900000|
| 210|0x00000006cea00000, 0x00000006cea00000, 0x00000006ceb00000|  0%| F|  |TS  0|AC  0|TAMS 0x00000006cea00000, 0x00000006cea00000|
| 211|0x00000006ceb00000, 0x00000006ceb00000, 0x00000006cec00000|  0%| F|  |TS  0|AC  0|TAMS 0x00000006ceb00000, 0x00000006ceb00000|
| 212|0x00000006cec00000, 0x00000006cec00000, 0x00000006ced00000|  0%| F|  |TS  0|AC  0|TAMS 0x00000006cec00000, 0x00000006cec00000|
| 213|0x00000006ced00000, 0x00000006ced00000, 0x00000006cee00000|  0%| F|  |TS  0|AC  0|TAMS 0x00000006ced00000, 0x00000006ced00000|
| 214|0x00000006cee00000, 0x00000006cee00000, 0x00000006cef00000|  0%| F|  |TS  0|AC  0|TAMS 0x00000006cee00000, 0x00000006cee00000|
| 215|0x00000006cef00000, 0x00000006cef00000, 0x00000006cf000000|  0%| F|  |TS  0|AC  0|TAMS 0x00000006cef00000, 0x00000006cef00000|
| 216|0x00000006cf000000, 0x00000006cf000000, 0x00000006cf100000|  0%| F|  |TS  0|AC  0|TAMS 0x00000006cf000000, 0x00000006cf000000|
| 217|0x00000006cf100000, 0x00000006cf100000, 0x00000006cf200000|  0%| F|  |TS  0|AC  0|TAMS 0x00000006cf100000, 0x00000006cf100000|
| 218|0x00000006cf200000, 0x00000006cf200000, 0x00000006cf300000|  0%| F|  |TS  0|AC  0|TAMS 0x00000006cf200000, 0x00000006cf200000|
| 219|0x00000006cf300000, 0x00000006cf300000, 0x00000006cf400000|  0%| F|  |TS  0|AC  0|TAMS 0x00000006cf300000, 0x00000006cf300000|
| 220|0x00000006cf400000, 0x00000006cf400000, 0x00000006cf500000|  0%| F|  |TS  0|AC  0|TAMS 0x00000006cf400000, 0x00000006cf400000|
| 221|0x00000006cf500000, 0x00000006cf500000, 0x00000006cf600000|  0%| F|  |TS  0|AC  0|TAMS 0x00000006cf500000, 0x00000006cf500000|
| 222|0x00000006cf600000, 0x00000006cf600000, 0x00000006cf700000|  0%| F|  |TS  0|AC  0|TAMS 0x00000006cf600000, 0x00000006cf600000|
| 223|0x00000006cf700000, 0x00000006cf700000, 0x00000006cf800000|  0%| F|  |TS  0|AC  0|TAMS 0x00000006cf700000, 0x00000006cf700000|
| 224|0x00000006cf800000, 0x00000006cf800000, 0x00000006cf900000|  0%| F|  |TS  0|AC  0|TAMS 0x00000006cf800000, 0x00000006cf800000|
| 225|0x00000006cf900000, 0x00000006cf900000, 0x00000006cfa00000|  0%| F|  |TS  0|AC  0|TAMS 0x00000006cf900000, 0x00000006cf900000|
| 226|0x00000006cfa00000, 0x00000006cfa00000, 0x00000006cfb00000|  0%| F|  |TS  0|AC  0|TAMS 0x00000006cfa00000, 0x00000006cfa00000|
| 227|0x00000006cfb00000, 0x00000006cfb00000, 0x00000006cfc00000|  0%| F|  |TS  0|AC  0|TAMS 0x00000006cfb00000, 0x00000006cfb00000|
| 228|0x00000006cfc00000, 0x00000006cfc00000, 0x00000006cfd00000|  0%| F|  |TS  0|AC  0|TAMS 0x00000006cfc00000, 0x00000006cfc00000|
| 229|0x00000006cfd00000, 0x00000006cfd00000, 0x00000006cfe00000|  0%| F|  |TS  0|AC  0|TAMS 0x00000006cfd00000, 0x00000006cfd00000|
| 230|0x00000006cfe00000, 0x00000006cfe00000, 0x00000006cff00000|  0%| F|  |TS  0|AC  0|TAMS 0x00000006cfe00000, 0x00000006cfe00000|
| 231|0x00000006cff00000, 0x00000006cff00000, 0x00000006d0000000|  0%| F|  |TS  0|AC  0|TAMS 0x00000006cff00000, 0x00000006cff00000|
| 232|0x00000006d0000000, 0x00000006d0000000, 0x00000006d0100000|  0%| F|  |TS  0|AC  0|TAMS 0x00000006d0000000, 0x00000006d0000000|
| 233|0x00000006d0100000, 0x00000006d0100000, 0x00000006d0200000|  0%| F|  |TS  0|AC  0|TAMS 0x00000006d0100000, 0x00000006d0100000|
| 234|0x00000006d0200000, 0x00000006d0200000, 0x00000006d0300000|  0%| F|  |TS  0|AC  0|TAMS 0x00000006d0200000, 0x00000006d0200000|
| 235|0x00000006d0300000, 0x00000006d0300000, 0x00000006d0400000|  0%| F|  |TS  0|AC  0|TAMS 0x00000006d0300000, 0x00000006d0300000|
| 236|0x00000006d0400000, 0x00000006d0400000, 0x00000006d0500000|  0%| F|  |TS  0|AC  0|TAMS 0x00000006d0400000, 0x00000006d0400000|
| 237|0x00000006d0500000, 0x00000006d0500000, 0x00000006d0600000|  0%| F|  |TS  0|AC  0|TAMS 0x00000006d0500000, 0x00000006d0500000|
| 238|0x00000006d0600000, 0x00000006d0600000, 0x00000006d0700000|  0%| F|  |TS  0|AC  0|TAMS 0x00000006d0600000, 0x00000006d0600000|
| 239|0x00000006d0700000, 0x00000006d0700000, 0x00000006d0800000|  0%| F|  |TS  0|AC  0|TAMS 0x00000006d0700000, 0x00000006d0700000|
| 240|0x00000006d0800000, 0x00000006d0800000, 0x00000006d0900000|  0%| F|  |TS  0|AC  0|TAMS 0x00000006d0800000, 0x00000006d0800000|
| 241|0x00000006d0900000, 0x00000006d0900000, 0x00000006d0a00000|  0%| F|  |TS  0|AC  0|TAMS 0x00000006d0900000, 0x00000006d0900000|
| 242|0x00000006d0a00000, 0x00000006d0a00000, 0x00000006d0b00000|  0%| F|  |TS  0|AC  0|TAMS 0x00000006d0a00000, 0x00000006d0a00000|
| 243|0x00000006d0b00000, 0x00000006d0b00000, 0x00000006d0c00000|  0%| F|  |TS  0|AC  0|TAMS 0x00000006d0b00000, 0x00000006d0b00000|
| 244|0x00000006d0c00000, 0x00000006d0c00000, 0x00000006d0d00000|  0%| F|  |TS  0|AC  0|TAMS 0x00000006d0c00000, 0x00000006d0c00000|
| 245|0x00000006d0d00000, 0x00000006d0d00000, 0x00000006d0e00000|  0%| F|  |TS  0|AC  0|TAMS 0x00000006d0d00000, 0x00000006d0d00000|
| 246|0x00000006d0e00000, 0x00000006d0e00000, 0x00000006d0f00000|  0%| F|  |TS  0|AC  0|TAMS 0x00000006d0e00000, 0x00000006d0e00000|
| 247|0x00000006d0f00000, 0x00000006d0f00000, 0x00000006d1000000|  0%| F|  |TS  0|AC  0|TAMS 0x00000006d0f00000, 0x00000006d0f00000|
| 248|0x00000006d1000000, 0x00000006d1000000, 0x00000006d1100000|  0%| F|  |TS  0|AC  0|TAMS 0x00000006d1000000, 0x00000006d1000000|
| 249|0x00000006d1100000, 0x00000006d1100000, 0x00000006d1200000|  0%| F|  |TS  0|AC  0|TAMS 0x00000006d1100000, 0x00000006d1100000|
| 250|0x00000006d1200000, 0x00000006d1200000, 0x00000006d1300000|  0%| F|  |TS  0|AC  0|TAMS 0x00000006d1200000, 0x00000006d1200000|
| 251|0x00000006d1300000, 0x00000006d1300000, 0x00000006d1400000|  0%| F|  |TS  0|AC  0|TAMS 0x00000006d1300000, 0x00000006d1300000|
| 252|0x00000006d1400000, 0x00000006d1400000, 0x00000006d1500000|  0%| F|  |TS  0|AC  0|TAMS 0x00000006d1400000, 0x00000006d1400000|
| 253|0x00000006d1500000, 0x00000006d1500000, 0x00000006d1600000|  0%| F|  |TS  0|AC  0|TAMS 0x00000006d1500000, 0x00000006d1500000|
| 254|0x00000006d1600000, 0x00000006d1600000, 0x00000006d1700000|  0%| F|  |TS  0|AC  0|TAMS 0x00000006d1600000, 0x00000006d1600000|
| 255|0x00000006d1700000, 0x00000006d1700000, 0x00000006d1800000|  0%| F|  |TS  0|AC  0|TAMS 0x00000006d1700000, 0x00000006d1700000|
| 256|0x00000006d1800000, 0x00000006d1800000, 0x00000006d1900000|  0%| F|  |TS  0|AC  0|TAMS 0x00000006d1800000, 0x00000006d1800000|
| 257|0x00000006d1900000, 0x00000006d1900000, 0x00000006d1a00000|  0%| F|  |TS  0|AC  0|TAMS 0x00000006d1900000, 0x00000006d1900000|
| 258|0x00000006d1a00000, 0x00000006d1a00000, 0x00000006d1b00000|  0%| F|  |TS  0|AC  0|TAMS 0x00000006d1a00000, 0x00000006d1a00000|
| 259|0x00000006d1b00000, 0x00000006d1b00000, 0x00000006d1c00000|  0%| F|  |TS  0|AC  0|TAMS 0x00000006d1b00000, 0x00000006d1b00000|
| 260|0x00000006d1c00000, 0x00000006d1c00000, 0x00000006d1d00000|  0%| F|  |TS  0|AC  0|TAMS 0x00000006d1c00000, 0x00000006d1c00000|
| 261|0x00000006d1d00000, 0x00000006d1d00000, 0x00000006d1e00000|  0%| F|  |TS  0|AC  0|TAMS 0x00000006d1d00000, 0x00000006d1d00000|
| 262|0x00000006d1e00000, 0x00000006d1e00000, 0x00000006d1f00000|  0%| F|  |TS  0|AC  0|TAMS 0x00000006d1e00000, 0x00000006d1e00000|
| 263|0x00000006d1f00000, 0x00000006d1f00000, 0x00000006d2000000|  0%| F|  |TS  0|AC  0|TAMS 0x00000006d1f00000, 0x00000006d1f00000|
| 264|0x00000006d2000000, 0x00000006d2000000, 0x00000006d2100000|  0%| F|  |TS  0|AC  0|TAMS 0x00000006d2000000, 0x00000006d2000000|
| 265|0x00000006d2100000, 0x00000006d2100000, 0x00000006d2200000|  0%| F|  |TS  0|AC  0|TAMS 0x00000006d2100000, 0x00000006d2100000|
| 266|0x00000006d2200000, 0x00000006d2200000, 0x00000006d2300000|  0%| F|  |TS  0|AC  0|TAMS 0x00000006d2200000, 0x00000006d2200000|
| 267|0x00000006d2300000, 0x00000006d2300000, 0x00000006d2400000|  0%| F|  |TS  0|AC  0|TAMS 0x00000006d2300000, 0x00000006d2300000|
| 268|0x00000006d2400000, 0x00000006d2400000, 0x00000006d2500000|  0%| F|  |TS  0|AC  0|TAMS 0x00000006d2400000, 0x00000006d2400000|
| 269|0x00000006d2500000, 0x00000006d2500000, 0x00000006d2600000|  0%| F|  |TS  0|AC  0|TAMS 0x00000006d2500000, 0x00000006d2500000|
| 270|0x00000006d2600000, 0x00000006d2700000, 0x00000006d2700000|100%| E|  |TS  0|AC  0|TAMS 0x00000006d2600000, 0x00000006d2600000|
| 271|0x00000006d2700000, 0x00000006d2800000, 0x00000006d2800000|100%| E|CS|TS  0|AC  0|TAMS 0x00000006d2700000, 0x00000006d2700000|
| 272|0x00000006d2800000, 0x00000006d2900000, 0x00000006d2900000|100%| E|CS|TS  0|AC  0|TAMS 0x00000006d2800000, 0x00000006d2800000|
| 273|0x00000006d2900000, 0x00000006d2a00000, 0x00000006d2a00000|100%| E|CS|TS  0|AC  0|TAMS 0x00000006d2900000, 0x00000006d2900000|
| 274|0x00000006d2a00000, 0x00000006d2b00000, 0x00000006d2b00000|100%| E|CS|TS  0|AC  0|TAMS 0x00000006d2a00000, 0x00000006d2a00000|
| 275|0x00000006d2b00000, 0x00000006d2c00000, 0x00000006d2c00000|100%| E|CS|TS  0|AC  0|TAMS 0x00000006d2b00000, 0x00000006d2b00000|
| 276|0x00000006d2c00000, 0x00000006d2d00000, 0x00000006d2d00000|100%| E|CS|TS  0|AC  0|TAMS 0x00000006d2c00000, 0x00000006d2c00000|
| 277|0x00000006d2d00000, 0x00000006d2e00000, 0x00000006d2e00000|100%| E|CS|TS  0|AC  0|TAMS 0x00000006d2d00000, 0x00000006d2d00000|
| 278|0x00000006d2e00000, 0x00000006d2f00000, 0x00000006d2f00000|100%| E|CS|TS  0|AC  0|TAMS 0x00000006d2e00000, 0x00000006d2e00000|
| 279|0x00000006d2f00000, 0x00000006d3000000, 0x00000006d3000000|100%| E|CS|TS  0|AC  0|TAMS 0x00000006d2f00000, 0x00000006d2f00000|
| 280|0x00000006d3000000, 0x00000006d3100000, 0x00000006d3100000|100%| E|CS|TS  0|AC  0|TAMS 0x00000006d3000000, 0x00000006d3000000|
| 281|0x00000006d3100000, 0x00000006d3200000, 0x00000006d3200000|100%| E|CS|TS  0|AC  0|TAMS 0x00000006d3100000, 0x00000006d3100000|
| 282|0x00000006d3200000, 0x00000006d3300000, 0x00000006d3300000|100%| E|CS|TS  0|AC  0|TAMS 0x00000006d3200000, 0x00000006d3200000|
| 283|0x00000006d3300000, 0x00000006d3400000, 0x00000006d3400000|100%| E|CS|TS  0|AC  0|TAMS 0x00000006d3300000, 0x00000006d3300000|
| 284|0x00000006d3400000, 0x00000006d3500000, 0x00000006d3500000|100%| E|CS|TS  0|AC  0|TAMS 0x00000006d3400000, 0x00000006d3400000|
| 285|0x00000006d3500000, 0x00000006d3600000, 0x00000006d3600000|100%| E|CS|TS  0|AC  0|TAMS 0x00000006d3500000, 0x00000006d3500000|
| 286|0x00000006d3600000, 0x00000006d3700000, 0x00000006d3700000|100%| E|CS|TS  0|AC  0|TAMS 0x00000006d3600000, 0x00000006d3600000|
| 287|0x00000006d3700000, 0x00000006d3800000, 0x00000006d3800000|100%| E|CS|TS  0|AC  0|TAMS 0x00000006d3700000, 0x00000006d3700000|
| 288|0x00000006d3800000, 0x00000006d3900000, 0x00000006d3900000|100%| E|CS|TS  0|AC  0|TAMS 0x00000006d3800000, 0x00000006d3800000|
| 289|0x00000006d3900000, 0x00000006d3a00000, 0x00000006d3a00000|100%| E|CS|TS  0|AC  0|TAMS 0x00000006d3900000, 0x00000006d3900000|
| 290|0x00000006d3a00000, 0x00000006d3b00000, 0x00000006d3b00000|100%| E|CS|TS  0|AC  0|TAMS 0x00000006d3a00000, 0x00000006d3a00000|
| 291|0x00000006d3b00000, 0x00000006d3c00000, 0x00000006d3c00000|100%| E|CS|TS  0|AC  0|TAMS 0x00000006d3b00000, 0x00000006d3b00000|
| 292|0x00000006d3c00000, 0x00000006d3d00000, 0x00000006d3d00000|100%| E|CS|TS  0|AC  0|TAMS 0x00000006d3c00000, 0x00000006d3c00000|
| 293|0x00000006d3d00000, 0x00000006d3e00000, 0x00000006d3e00000|100%| E|CS|TS  0|AC  0|TAMS 0x00000006d3d00000, 0x00000006d3d00000|
| 294|0x00000006d3e00000, 0x00000006d3f00000, 0x00000006d3f00000|100%| E|CS|TS  0|AC  0|TAMS 0x00000006d3e00000, 0x00000006d3e00000|
| 295|0x00000006d3f00000, 0x00000006d4000000, 0x00000006d4000000|100%| E|CS|TS  0|AC  0|TAMS 0x00000006d3f00000, 0x00000006d3f00000|
| 296|0x00000006d4000000, 0x00000006d4100000, 0x00000006d4100000|100%| E|CS|TS  0|AC  0|TAMS 0x00000006d4000000, 0x00000006d4000000|
| 297|0x00000006d4100000, 0x00000006d4200000, 0x00000006d4200000|100%| E|CS|TS  0|AC  0|TAMS 0x00000006d4100000, 0x00000006d4100000|
| 298|0x00000006d4200000, 0x00000006d4300000, 0x00000006d4300000|100%| E|CS|TS  0|AC  0|TAMS 0x00000006d4200000, 0x00000006d4200000|
| 299|0x00000006d4300000, 0x00000006d4400000, 0x00000006d4400000|100%| E|CS|TS  0|AC  0|TAMS 0x00000006d4300000, 0x00000006d4300000|
| 300|0x00000006d4400000, 0x00000006d4500000, 0x00000006d4500000|100%| E|CS|TS  0|AC  0|TAMS 0x00000006d4400000, 0x00000006d4400000|
| 301|0x00000006d4500000, 0x00000006d4600000, 0x00000006d4600000|100%| E|CS|TS  0|AC  0|TAMS 0x00000006d4500000, 0x00000006d4500000|
| 302|0x00000006d4600000, 0x00000006d4700000, 0x00000006d4700000|100%| E|CS|TS  0|AC  0|TAMS 0x00000006d4600000, 0x00000006d4600000|
| 303|0x00000006d4700000, 0x00000006d4800000, 0x00000006d4800000|100%| E|CS|TS  0|AC  0|TAMS 0x00000006d4700000, 0x00000006d4700000|
| 304|0x00000006d4800000, 0x00000006d4900000, 0x00000006d4900000|100%| E|CS|TS  0|AC  0|TAMS 0x00000006d4800000, 0x00000006d4800000|
| 305|0x00000006d4900000, 0x00000006d4a00000, 0x00000006d4a00000|100%| E|CS|TS  0|AC  0|TAMS 0x00000006d4900000, 0x00000006d4900000|
| 306|0x00000006d4a00000, 0x00000006d4b00000, 0x00000006d4b00000|100%| E|CS|TS  0|AC  0|TAMS 0x00000006d4a00000, 0x00000006d4a00000|
| 307|0x00000006d4b00000, 0x00000006d4c00000, 0x00000006d4c00000|100%| E|CS|TS  0|AC  0|TAMS 0x00000006d4b00000, 0x00000006d4b00000|

Card table byte_map: [0x000002204ff20000,0x0000022050720000] byte_map_base: 0x000002204c914000

Marking Bits (Prev, Next): (CMBitMap*) 0x0000022058ee84e0, (CMBitMap*) 0x0000022058ee8518
 Prev Bits: [0x0000022050f20000, 0x0000022054ec0000)
 Next Bits: [0x0000022054ec0000, 0x0000022058e60000)

Polling page: 0x00000220331d0000

CodeHeap 'non-profiled nmethods': size=238912Kb used=7250Kb max_used=7250Kb free=231661Kb
 bounds [0x0000022040dd0000, 0x00000220414f0000, 0x000002204f720000]
CodeHeap 'non-nmethods': size=6848Kb used=2289Kb max_used=2289Kb free=4558Kb
 bounds [0x0000022040720000, 0x0000022040990000, 0x0000022040dd0000]
 total_blobs=4797 nmethods=4254 adapters=425
 compilation: enabled

Compilation events (10 events):
Event: 12.482 Thread 0x000002205bdaf000 nmethod 4275 0x00000220414e3590 code [0x00000220414e3760, 0x00000220414e3a00]
Event: 12.482 Thread 0x000002205bdac000 nmethod 4276 0x00000220414e3b10 code [0x00000220414e3cc0, 0x00000220414e3df0]
Event: 12.487 Thread 0x000002205bdd5800 4277       1       org.springframework.beans.factory.support.AbstractBeanFactory::getConversionService (5 bytes)
Event: 12.487 Thread 0x000002205bdd5800 nmethod 4277 0x00000220414e3e90 code [0x00000220414e4040, 0x00000220414e4158]
Event: 12.487 Thread 0x000002205bdaf000 4278       1       org.apache.catalina.webresources.AbstractResourceSet::getRoot (5 bytes)
Event: 12.488 Thread 0x000002205bdaf000 nmethod 4278 0x00000220414e4210 code [0x00000220414e43c0, 0x00000220414e44d8]
Event: 12.488 Thread 0x000002205bdac000 4279  s    1       java.io.ExpiringCache::get (39 bytes)
Event: 12.488 Thread 0x000002205bdac000 nmethod 4279 0x00000220414e4590 code [0x00000220414e4760, 0x00000220414e4aa0]
Event: 12.490 Thread 0x000002205bdd5800 4280       1       org.apache.catalina.webresources.EmptyResource::exists (2 bytes)
Event: 12.490 Thread 0x000002205bdd5800 nmethod 4280 0x00000220414e4b90 code [0x00000220414e4d40, 0x00000220414e4e58]

GC Heap History (10 events):
Event: 1.508 GC heap before
{Heap before GC invocations=1 (full 0):
 garbage-first heap   total 262144K, used 14421K [0x00000006c1800000, 0x00000007c0000000)
  region size 1024K, 12 young (12288K), 2 survivors (2048K)
 Metaspace       used 14982K, capacity 15364K, committed 15616K, reserved 1062912K
  class space    used 1570K, capacity 1734K, committed 1792K, reserved 1048576K
}
Event: 1.514 GC heap after
{Heap after GC invocations=2 (full 0):
 garbage-first heap   total 262144K, used 5419K [0x00000006c1800000, 0x00000007c0000000)
  region size 1024K, 2 young (2048K), 2 survivors (2048K)
 Metaspace       used 14982K, capacity 15364K, committed 15616K, reserved 1062912K
  class space    used 1570K, capacity 1734K, committed 1792K, reserved 1048576K
}
Event: 1.889 GC heap before
{Heap before GC invocations=2 (full 0):
 garbage-first heap   total 262144K, used 33067K [0x00000006c1800000, 0x00000007c0000000)
  region size 1024K, 29 young (29696K), 2 survivors (2048K)
 Metaspace       used 19985K, capacity 20518K, committed 20736K, reserved 1067008K
  class space    used 2312K, capacity 2542K, committed 2560K, reserved 1048576K
}
Event: 1.893 GC heap after
{Heap after GC invocations=3 (full 0):
 garbage-first heap   total 262144K, used 6863K [0x00000006c1800000, 0x00000007c0000000)
  region size 1024K, 3 young (3072K), 3 survivors (3072K)
 Metaspace       used 19985K, capacity 20518K, committed 20736K, reserved 1067008K
  class space    used 2312K, capacity 2542K, committed 2560K, reserved 1048576K
}
Event: 1.937 GC heap before
{Heap before GC invocations=3 (full 0):
 garbage-first heap   total 262144K, used 10959K [0x00000006c1800000, 0x00000007c0000000)
  region size 1024K, 8 young (8192K), 3 survivors (3072K)
 Metaspace       used 20619K, capacity 21132K, committed 21296K, reserved 1069056K
  class space    used 2410K, capacity 2640K, committed 2688K, reserved 1048576K
}
Event: 1.940 GC heap after
{Heap after GC invocations=4 (full 0):
 garbage-first heap   total 262144K, used 7169K [0x00000006c1800000, 0x00000007c0000000)
  region size 1024K, 3 young (3072K), 3 survivors (3072K)
 Metaspace       used 20619K, capacity 21132K, committed 21296K, reserved 1069056K
  class space    used 2410K, capacity 2640K, committed 2688K, reserved 1048576K
}
Event: 3.531 GC heap before
{Heap before GC invocations=5 (full 0):
 garbage-first heap   total 262144K, used 87041K [0x00000006c1800000, 0x00000007c0000000)
  region size 1024K, 81 young (82944K), 3 survivors (3072K)
 Metaspace       used 30693K, capacity 31553K, committed 31744K, reserved 1077248K
  class space    used 3678K, capacity 4061K, committed 4096K, reserved 1048576K
}
Event: 3.543 GC heap after
{Heap after GC invocations=6 (full 0):
 garbage-first heap   total 262144K, used 14885K [0x00000006c1800000, 0x00000007c0000000)
  region size 1024K, 11 young (11264K), 11 survivors (11264K)
 Metaspace       used 30693K, capacity 31553K, committed 31744K, reserved 1077248K
  class space    used 3678K, capacity 4061K, committed 4096K, reserved 1048576K
}
Event: 9.707 GC heap before
{Heap before GC invocations=6 (full 0):
 garbage-first heap   total 262144K, used 70181K [0x00000006c1800000, 0x00000007c0000000)
  region size 1024K, 66 young (67584K), 11 survivors (11264K)
 Metaspace       used 34952K, capacity 35844K, committed 35920K, reserved 1081344K
  class space    used 4179K, capacity 4582K, committed 4608K, reserved 1048576K
}
Event: 9.737 GC heap after
{Heap after GC invocations=7 (full 0):
 garbage-first heap   total 315392K, used 18996K [0x00000006c1800000, 0x00000007c0000000)
  region size 1024K, 5 young (5120K), 5 survivors (5120K)
 Metaspace       used 34952K, capacity 35844K, committed 35920K, reserved 1081344K
  class space    used 4179K, capacity 4582K, committed 4608K, reserved 1048576K
}

Deoptimization events (0 events):
No events

Classes redefined (0 events):
No events

Internal exceptions (10 events):
Event: 12.479 Thread 0x000002205e14c000 Exception <a 'java/lang/ClassNotFoundException'{0x00000006d2728528}: org/springframework/web/servlet/theme/AbstractThemeResolverCustomizer> (0x00000006d2728528) thrown at [t:/workspace/open/src/hotspot/share/classfile/systemDictionary.cpp, line 233]
Event: 12.480 Thread 0x000002205e14c000 Exception <a 'java/lang/ClassNotFoundException'{0x00000006d27355c0}: org/springframework/web/servlet/theme/FixedThemeResolverCustomizer> (0x00000006d27355c0) thrown at [t:/workspace/open/src/hotspot/share/classfile/systemDictionary.cpp, line 233]
Event: 12.481 Thread 0x000002205e14c000 Exception <a 'java/lang/ClassNotFoundException'{0x00000006d27423a0}: org/springframework/web/servlet/ThemeResolverCustomizer> (0x00000006d27423a0) thrown at [t:/workspace/open/src/hotspot/share/classfile/systemDictionary.cpp, line 233]
Event: 12.483 Thread 0x000002205e14c000 Exception <a 'java/lang/ClassNotFoundException'{0x00000006d2757798}: java/lang/ObjectCustomizer> (0x00000006d2757798) thrown at [t:/workspace/open/src/hotspot/share/classfile/systemDictionary.cpp, line 233]
Event: 12.484 Thread 0x000002205e14c000 Exception <a 'java/lang/ClassNotFoundException'{0x00000006d2765f20}: org/springframework/web/servlet/view/DefaultRequestToViewNameTranslatorCustomizer> (0x00000006d2765f20) thrown at [t:/workspace/open/src/hotspot/share/classfile/systemDictionary.cpp, lin
Event: 12.485 Thread 0x000002205e14c000 Exception <a 'java/lang/ClassNotFoundException'{0x00000006d2780a20}: org/springframework/web/servlet/RequestToViewNameTranslatorCustomizer> (0x00000006d2780a20) thrown at [t:/workspace/open/src/hotspot/share/classfile/systemDictionary.cpp, line 233]
Event: 12.488 Thread 0x000002205e14c000 Exception <a 'java/lang/ClassNotFoundException'{0x00000006d27a5670}: java/lang/ObjectCustomizer> (0x00000006d27a5670) thrown at [t:/workspace/open/src/hotspot/share/classfile/systemDictionary.cpp, line 233]
Event: 12.488 Thread 0x000002205e14c000 Exception <a 'java/lang/ClassNotFoundException'{0x00000006d27b35d0}: org/springframework/web/servlet/support/AbstractFlashMapManagerCustomizer> (0x00000006d27b35d0) thrown at [t:/workspace/open/src/hotspot/share/classfile/systemDictionary.cpp, line 233]
Event: 12.489 Thread 0x000002205e14c000 Exception <a 'java/lang/ClassNotFoundException'{0x00000006d27c2f70}: org/springframework/web/servlet/support/SessionFlashMapManagerCustomizer> (0x00000006d27c2f70) thrown at [t:/workspace/open/src/hotspot/share/classfile/systemDictionary.cpp, line 233]
Event: 12.490 Thread 0x000002205e14c000 Exception <a 'java/lang/ClassNotFoundException'{0x00000006d27cf648}: org/springframework/web/servlet/FlashMapManagerCustomizer> (0x00000006d27cf648) thrown at [t:/workspace/open/src/hotspot/share/classfile/systemDictionary.cpp, line 233]

Events (10 events):
Event: 12.517 loading class org/springframework/web/context/request/async/StandardServletAsyncWebRequest
Event: 12.517 loading class org/springframework/web/context/request/async/StandardServletAsyncWebRequest done
Event: 12.519 loading class org/springframework/web/context/request/async/AsyncWebRequest
Event: 12.519 loading class org/springframework/web/context/request/async/AsyncWebRequest done
Event: 12.520 loading class javax/servlet/AsyncListener
Event: 12.520 loading class javax/servlet/AsyncListener done
Event: 12.520 loading class org/springframework/web/context/request/async/AsyncWebRequest
Event: 12.520 loading class org/springframework/web/context/request/async/AsyncWebRequest done
Event: 12.520 loading class org/springframework/web/context/request/async/AsyncWebRequest
Event: 12.520 loading class org/springframework/web/context/request/async/AsyncWebRequest done


Dynamic libraries:
0x00007ff71d500000 - 0x00007ff71d53e000 	C:\Program Files (x86)\java\jdk\bin\java.exe
0x00007fffe01f0000 - 0x00007fffe03d1000 	C:\Windows\SYSTEM32\ntdll.dll
0x00007fffddf60000 - 0x00007fffde012000 	C:\Windows\System32\KERNEL32.DLL
0x00007fffdc660000 - 0x00007fffdc8d3000 	C:\Windows\System32\KERNELBASE.dll
0x00007fffdd820000 - 0x00007fffdd8c1000 	C:\Windows\System32\ADVAPI32.dll
0x00007fffdd780000 - 0x00007fffdd81e000 	C:\Windows\System32\msvcrt.dll
0x00007fffdd680000 - 0x00007fffdd6db000 	C:\Windows\System32\sechost.dll
0x00007fffde7e0000 - 0x00007fffde904000 	C:\Windows\System32\RPCRT4.dll
0x00007fffdeb10000 - 0x00007fffdeca0000 	C:\Windows\System32\USER32.dll
0x00007fffdc640000 - 0x00007fffdc660000 	C:\Windows\System32\win32u.dll
0x00007fffde910000 - 0x00007fffde938000 	C:\Windows\System32\GDI32.dll
0x00007fffdc8e0000 - 0x00007fffdca72000 	C:\Windows\System32\gdi32full.dll
0x00007fffdd590000 - 0x00007fffdd62f000 	C:\Windows\System32\msvcp_win.dll
0x00007fffdca80000 - 0x00007fffdcb7a000 	C:\Windows\System32\ucrtbase.dll
0x00007fffc5920000 - 0x00007fffc5b89000 	C:\Windows\WinSxS\amd64_microsoft.windows.common-controls_6595b64144ccf1df_6.0.17134.285_none_fb4297e330656775\COMCTL32.dll
0x00007fffde360000 - 0x00007fffde683000 	C:\Windows\System32\combase.dll
0x00007fffd4c70000 - 0x00007fffd4c7a000 	C:\Windows\SYSTEM32\VERSION.dll
0x00007fffdc5c0000 - 0x00007fffdc63a000 	C:\Windows\System32\bcryptPrimitives.dll
0x00007fffde940000 - 0x00007fffde96d000 	C:\Windows\System32\IMM32.DLL
0x00007fffc8dc0000 - 0x00007fffc8eaf000 	C:\Program Files (x86)\java\jdk\bin\msvcr120.dll
0x00007fffca2e0000 - 0x00007fffca386000 	C:\Program Files (x86)\java\jdk\bin\msvcp120.dll
0x0000000060590000 - 0x0000000061000000 	C:\Program Files (x86)\java\jdk\bin\server\jvm.dll
0x00007fffde200000 - 0x00007fffde208000 	C:\Windows\System32\PSAPI.DLL
0x00007fffafd40000 - 0x00007fffafd49000 	C:\Windows\SYSTEM32\WSOCK32.dll
0x00007fffd8440000 - 0x00007fffd8463000 	C:\Windows\SYSTEM32\WINMM.dll
0x00007fffde020000 - 0x00007fffde08c000 	C:\Windows\System32\WS2_32.dll
0x00007fffd8410000 - 0x00007fffd843a000 	C:\Windows\SYSTEM32\winmmbase.dll
0x00007fffdd630000 - 0x00007fffdd679000 	C:\Windows\System32\cfgmgr32.dll
0x00007fffd8830000 - 0x00007fffd883f000 	C:\Program Files (x86)\java\jdk\bin\verify.dll
0x00007fffcf730000 - 0x00007fffcf8f9000 	C:\Windows\SYSTEM32\DBGHELP.DLL
0x00007fffcb870000 - 0x00007fffcb899000 	C:\Windows\SYSTEM32\dbgcore.DLL
0x00007fffd6960000 - 0x00007fffd6987000 	C:\Program Files (x86)\java\jdk\bin\java.dll
0x00007fffd2930000 - 0x00007fffd295a000 	C:\Program Files (x86)\java\jdk\bin\instrument.dll
0x00007fffd6b00000 - 0x00007fffd6b16000 	C:\Program Files (x86)\java\jdk\bin\zip.dll
0x00007fffd6b50000 - 0x00007fffd6b5a000 	C:\Program Files (x86)\java\jdk\bin\jimage.dll
0x00007fffded20000 - 0x00007fffe0160000 	C:\Windows\System32\SHELL32.dll
0x00007fffdd8d0000 - 0x00007fffdd979000 	C:\Windows\System32\shcore.dll
0x00007fffdce80000 - 0x00007fffdd58d000 	C:\Windows\System32\windows.storage.dll
0x00007fffde780000 - 0x00007fffde7d1000 	C:\Windows\System32\shlwapi.dll
0x00007fffdc580000 - 0x00007fffdc591000 	C:\Windows\System32\kernel.appcore.dll
0x00007fffdc500000 - 0x00007fffdc51f000 	C:\Windows\System32\profapi.dll
0x00007fffdc530000 - 0x00007fffdc57c000 	C:\Windows\System32\powrprof.dll
0x00007fffdc520000 - 0x00007fffdc52a000 	C:\Windows\System32\FLTLIB.DLL
0x00007fffd10e0000 - 0x00007fffd10fa000 	C:\Program Files (x86)\java\jdk\bin\net.dll
0x00007fffd3d50000 - 0x00007fffd3e2c000 	C:\Windows\SYSTEM32\WINHTTP.dll
0x00007fffdbd80000 - 0x00007fffdbde6000 	C:\Windows\system32\mswsock.dll
0x00007fffd0f80000 - 0x00007fffd0f91000 	C:\Program Files (x86)\java\jdk\bin\nio.dll
0x00007fffd0b50000 - 0x00007fffd0b6a000 	C:\Program Files\JetBrains\IntelliJ IDEA 2018.2.3\bin\breakgen64.dll
0x00007fffd6950000 - 0x00007fffd6959000 	C:\Program Files (x86)\java\jdk\bin\management.dll
0x00007fffd2280000 - 0x00007fffd228a000 	C:\Program Files (x86)\java\jdk\bin\management_ext.dll
0x00007fffafba0000 - 0x00007fffafbb6000 	C:\Windows\system32\napinsp.dll
0x00007fffaf380000 - 0x00007fffaf39a000 	C:\Windows\system32\pnrpnsp.dll
0x00007fffd86f0000 - 0x00007fffd8709000 	C:\Windows\system32\NLAapi.dll
0x00007fffdbb40000 - 0x00007fffdbbfe000 	C:\Windows\SYSTEM32\DNSAPI.dll
0x00007fffde090000 - 0x00007fffde098000 	C:\Windows\System32\NSI.dll
0x00007fffdbb00000 - 0x00007fffdbb38000 	C:\Windows\SYSTEM32\IPHLPAPI.DLL
0x00007fffaf370000 - 0x00007fffaf37e000 	C:\Windows\System32\winrnr.dll
0x00007fffd6750000 - 0x00007fffd6765000 	C:\Windows\System32\wshbth.dll
0x00007fffd33f0000 - 0x00007fffd33fa000 	C:\Windows\System32\rasadhlp.dll
0x00007fffd3510000 - 0x00007fffd3582000 	C:\Windows\System32\fwpuclnt.dll
0x00007fffdc060000 - 0x00007fffdc085000 	C:\Windows\SYSTEM32\bcrypt.dll
0x00007fffdbf30000 - 0x00007fffdbf47000 	C:\Windows\SYSTEM32\CRYPTSP.dll
0x00007fffdb960000 - 0x00007fffdb993000 	C:\Windows\system32\rsaenh.dll
0x00007fffdc430000 - 0x00007fffdc458000 	C:\Windows\SYSTEM32\USERENV.dll
0x00007fffdbf50000 - 0x00007fffdbf5b000 	C:\Windows\SYSTEM32\CRYPTBASE.dll
0x00007fffd4840000 - 0x00007fffd4856000 	C:\Windows\SYSTEM32\dhcpcsvc6.DLL
0x00007fffd4d60000 - 0x00007fffd4d7a000 	C:\Windows\SYSTEM32\dhcpcsvc.DLL
0x0000000180000000 - 0x0000000180025000 	C:\Medien\Dokumente\Bewerbung\t-systems\srf02_backend\rxtxSerial.dll

dbghelp: loaded successfully - version: 4.0.5 - missing functions: none
symbol engine: initialized successfully - sym options: 0x614 - pdb path: .;C:\Program Files (x86)\java\jdk\bin;C:\Windows\SYSTEM32;C:\Windows\WinSxS\amd64_microsoft.windows.common-controls_6595b64144ccf1df_6.0.17134.285_none_fb4297e330656775;C:\Program Files (x86)\java\jdk\bin\server;C:\Program Files\JetBrains\IntelliJ IDEA 2018.2.3\bin;C:\Medien\Dokumente\Bewerbung\t-systems\srf02_backend

VM Arguments:
jvm_args: -XX:TieredStopAtLevel=1 -Xverify:none -Dspring.output.ansi.enabled=always -Dcom.sun.management.jmxremote -Dcom.sun.management.jmxremote.port=63520 -Dcom.sun.management.jmxremote.authenticate=false -Dcom.sun.management.jmxremote.ssl=false -Djava.rmi.server.hostname=localhost -Dspring.liveBeansView.mbeanDomain -Dspring.application.admin.enabled=true -javaagent:C:\Program Files\JetBrains\IntelliJ IDEA 2018.2.3\lib\idea_rt.jar=63521:C:\Program Files\JetBrains\IntelliJ IDEA 2018.2.3\bin -Dfile.encoding=UTF-8 
java_command: com.tsystems.mms.evaluate.srf02.Srf02Application
java_class_path (initial): C:\Medien\Dokumente\Bewerbung\t-systems\srf02_backend\out\production\classes;C:\Medien\Dokumente\Bewerbung\t-systems\srf02_backend\out\production\resources;C:\Medien\Dokumente\Bewerbung\t-systems\srf02_backend\lib\RXTXcomm.jar;C:\Users\zad11\.gradle\caches\modules-2\files-2.1\org.springframework.boot\spring-boot-starter-web\2.0.3.RELEASE\41fd4180bea3813de8f3c602b5a126218360315b\spring-boot-starter-web-2.0.3.RELEASE.jar;C:\Users\zad11\.gradle\caches\modules-2\files-2.1\org.springframework.boot\spring-boot-starter-json\2.0.3.RELEASE\2e389a8727588c549c28bb277f0f573f65554850\spring-boot-starter-json-2.0.3.RELEASE.jar;C:\Users\zad11\.gradle\caches\modules-2\files-2.1\com.fasterxml.jackson.datatype\jackson-datatype-jsr310\2.9.6\ea54f6193d224e5e5732bbd4262327eb465397c2\jackson-datatype-jsr310-2.9.6.jar;C:\Users\zad11\.gradle\caches\modules-2\files-2.1\com.fasterxml.jackson.datatype\jackson-datatype-jdk8\2.9.6\456895fc91bf7180b216fead220373e6278230c9\jackson-datatype-jdk8-2.9.6.jar;C:\Users\zad11\.gradle\caches\modules-2\files-2.1\com.jayway.jsonpath\json-path\2.4.0\765a4401ceb2dc8d40553c2075eb80a8fa35c2ae\json-path-2.4.0.jar;C:\Users\zad11\.gradle\caches\modules-2\files-2.1\org.modelmapper\modelmapper\0.7.5\5bef63ad6fa1008d56d27557e4a7f223fb639678\modelmapper-0.7.5.jar;C:\Users\zad11\.gradle\caches\modules-2\files-2.1\org.codehaus.jackson\jackson-jaxrs\1.9.3\586a58435fdf74670a37f6cbedbed6c6869ac891\jackson-jaxrs-1.9.3.jar;C:\Users\zad11\.gradle\caches\modules-2\files-2.1\org.codehaus.jackson\jackson-mapper-asl\1.9.3\dd1373fe304f64ae3daa50e67b9b9cf6995ec1a0\jackson-mapper-asl-1.9.3.jar;C:\Users\zad11\.gradle\caches\modules-2\files-2.1\com.fasterxml.jackson.module\jackson-module-parameter-names\2.9.6\129acd77a4b6ee30d62d3a0899b1344c8ec2bff8\jackson-module-parameter-names-2.9.6.jar;C:\Users\zad11\.gradle\caches\modules-2\files-2.1\com.fasterxml.jackson.core\jackson-databind\2.9.6\cfa4f316351a91bfd95cb0644c6a2c95f52db1fc\jackson-databind-2.9.6.jar;
Launcher Type: SUN_STANDARD

Logging:
Log output configuration:
#0: stdout all=warning uptime,level,tags
#1: stderr all=off uptime,level,tags

Environment Variables:
PATH=C:\Program Files (x86)\Common Files\Oracle\Java\javapath;C:\Windows\system32;C:\Windows;C:\Windows\System32\Wbem;C:\Windows\System32\WindowsPowerShell\v1.0\;C:\Windows\System32\OpenSSH\;C:\Program Files\Git\cmd;C:\Users\zad11\AppData\Local\Microsoft\WindowsApps;
USERNAME=zad11
OS=Windows_NT
PROCESSOR_IDENTIFIER=Intel64 Family 6 Model 142 Stepping 9, GenuineIntel



---------------  S Y S T E M  ---------------

OS: Windows 10 , 64 bit Build 17134 (10.0.17134.1)

CPU:total 4 (initial active 4) (2 cores per cpu, 2 threads per core) family 6 model 142 stepping 9, cmov, cx8, fxsr, mmx, sse, sse2, sse3, ssse3, sse4.1, sse4.2, popcnt, avx, avx2, aes, clmul, erms, 3dnowpref, lzcnt, ht, tsc, tscinvbit, bmi1, bmi2, adx, fma

Memory: 4k page, physical 16677832k(8108620k free), swap 22445000k(7551264k free)

vm_info: Java HotSpot(TM) 64-Bit Server VM (10.0.2+13) for windows-amd64 JRE (10.0.2+13), built on Jun 28 2018 01:57:56 by "mach5one" with MS VC++ 12.0 (VS2013)

END.
